2026-04-28T05:34:10.926Z  INFO 6056 --- [StudentManagement-Dev] [restartedMain] c.e.demo.StudentManagementApplication    : Starting StudentManagementApplication using Java 21.0.8 with PID 6056 (C:\Users\Damini\OneDrive\Desktop\Team-6\StudentManagement\target\classes started by Damini in C:\Users\Damini\OneDrive\Desktop\Team-6\StudentManagement)
2026-04-28T05:34:10.953Z  INFO 6056 --- [StudentManagement-Dev] [restartedMain] c.e.demo.StudentManagementApplication    : No active profile set, falling back to 1 default profile: "default"
2026-04-28T05:34:11.199Z  INFO 6056 --- [StudentManagement-Dev] [restartedMain] .e.DevToolsPropertyDefaultsPostProcessor : Devtools property defaults active! Set 'spring.devtools.add-properties' to 'false' to disable
2026-04-28T05:34:11.207Z  INFO 6056 --- [StudentManagement-Dev] [restartedMain] .e.DevToolsPropertyDefaultsPostProcessor : For additional web related logging consider setting the 'logging.level.web' property to 'DEBUG'
2026-04-28T05:34:14.272Z  INFO 6056 --- [StudentManagement-Dev] [restartedMain] .s.d.r.c.RepositoryConfigurationDelegate : Bootstrapping Spring Data JPA repositories in DEFAULT mode.
2026-04-28T05:34:14.367Z  INFO 6056 --- [StudentManagement-Dev] [restartedMain] .s.d.r.c.RepositoryConfigurationDelegate : Finished Spring Data repository scanning in 85 ms. Found 8 JPA repository interfaces.
2026-04-28T05:34:15.317Z  INFO 6056 --- [StudentManagement-Dev] [restartedMain] o.s.b.w.embedded.tomcat.TomcatWebServer  : Tomcat initialized with port 8081 (http)
2026-04-28T05:34:15.337Z  INFO 6056 --- [StudentManagement-Dev] [restartedMain] o.apache.catalina.core.StandardService   : Starting service [Tomcat]
2026-04-28T05:34:15.337Z  INFO 6056 --- [StudentManagement-Dev] [restartedMain] o.apache.catalina.core.StandardEngine    : Starting Servlet engine: [Apache Tomcat/10.1.20]
2026-04-28T05:34:15.403Z  INFO 6056 --- [StudentManagement-Dev] [restartedMain] o.a.c.c.C.[Tomcat].[localhost].[/]       : Initializing Spring embedded WebApplicationContext
2026-04-28T05:34:15.404Z  INFO 6056 --- [StudentManagement-Dev] [restartedMain] w.s.c.ServletWebServerApplicationContext : Root WebApplicationContext: initialization completed in 4196 ms
2026-04-28T05:34:15.789Z  INFO 6056 --- [StudentManagement-Dev] [restartedMain] o.hibernate.jpa.internal.util.LogHelper  : HHH000204: Processing PersistenceUnitInfo [name: default]
2026-04-28T05:34:15.885Z  INFO 6056 --- [StudentManagement-Dev] [restartedMain] org.hibernate.Version                    : HHH000412: Hibernate ORM core version 6.4.4.Final
2026-04-28T05:34:15.939Z  INFO 6056 --- [StudentManagement-Dev] [restartedMain] o.h.c.internal.RegionFactoryInitiator    : HHH000026: Second-level cache disabled
2026-04-28T05:34:16.269Z  INFO 6056 --- [StudentManagement-Dev] [restartedMain] o.s.o.j.p.SpringPersistenceUnitInfo      : No LoadTimeWeaver setup: ignoring JPA class transformer
2026-04-28T05:34:16.312Z  INFO 6056 --- [StudentManagement-Dev] [restartedMain] com.zaxxer.hikari.HikariDataSource       : HikariPool-1 - Starting...
2026-04-28T05:34:21.163Z  INFO 6056 --- [StudentManagement-Dev] [restartedMain] com.zaxxer.hikari.pool.HikariPool        : HikariPool-1 - Added connection org.postgresql.jdbc.PgConnection@9365a93
2026-04-28T05:34:21.165Z  INFO 6056 --- [StudentManagement-Dev] [restartedMain] com.zaxxer.hikari.HikariDataSource       : HikariPool-1 - Start completed.
2026-04-28T05:34:21.545Z  WARN 6056 --- [StudentManagement-Dev] [restartedMain] org.hibernate.orm.deprecation            : HHH90000025: PostgreSQLDialect does not need to be specified explicitly using 'hibernate.dialect' (remove the property setting and it will be selected by default)
2026-04-28T05:34:23.088Z  INFO 6056 --- [StudentManagement-Dev] [restartedMain] o.h.e.t.j.p.i.JtaPlatformInitiator       : HHH000489: No JTA platform available (set 'hibernate.transaction.jta.platform' to enable JTA platform integration)
2026-04-28T05:34:32.316Z  INFO 6056 --- [StudentManagement-Dev] [restartedMain] j.LocalContainerEntityManagerFactoryBean : Initialized JPA EntityManagerFactory for persistence unit 'default'
2026-04-28T05:34:32.861Z  INFO 6056 --- [StudentManagement-Dev] [restartedMain] o.s.d.j.r.query.QueryEnhancerFactory     : Hibernate is in classpath; If applicable, HQL parser will be used.
2026-04-28T05:34:33.665Z  WARN 6056 --- [StudentManagement-Dev] [restartedMain] JpaBaseConfiguration$JpaWebConfiguration : spring.jpa.open-in-view is enabled by default. Therefore, database queries may be performed during view rendering. Explicitly configure spring.jpa.open-in-view to disable this warning
2026-04-28T05:34:34.672Z  INFO 6056 --- [StudentManagement-Dev] [restartedMain] o.s.b.a.e.web.EndpointLinksResolver      : Exposing 14 endpoint(s) beneath base path '/actuator'
2026-04-28T05:34:34.801Z  INFO 6056 --- [StudentManagement-Dev] [restartedMain] o.s.s.web.DefaultSecurityFilterChain     : Will secure any request with [org.springframework.security.web.session.DisableEncodeUrlFilter@2f60cf27, org.springframework.security.web.context.request.async.WebAsyncManagerIntegrationFilter@7d8154a2, org.springframework.security.web.context.SecurityContextHolderFilter@424b44ab, org.springframework.security.web.header.HeaderWriterFilter@2d2c2fd0, org.springframework.web.filter.CorsFilter@618a48f3, org.springframework.security.web.authentication.logout.LogoutFilter@11a227c4, com.example.demo.config.JwtAuthenticationFilter@7de803cd, org.springframework.security.web.savedrequest.RequestCacheAwareFilter@53c5ec74, org.springframework.security.web.servletapi.SecurityContextHolderAwareRequestFilter@54869b43, org.springframework.security.web.authentication.AnonymousAuthenticationFilter@1428b937, org.springframework.security.web.access.ExceptionTranslationFilter@4f1d2ca8, org.springframework.security.web.access.intercept.AuthorizationFilter@260e5f77]
2026-04-28T05:34:35.529Z  INFO 6056 --- [StudentManagement-Dev] [restartedMain] o.s.b.d.a.OptionalLiveReloadServer       : LiveReload server is running on port 35729
2026-04-28T05:34:35.649Z  INFO 6056 --- [StudentManagement-Dev] [restartedMain] o.s.b.w.embedded.tomcat.TomcatWebServer  : Tomcat started on port 8081 (http) with context path ''
2026-04-28T05:34:35.663Z  INFO 6056 --- [StudentManagement-Dev] [restartedMain] c.e.demo.StudentManagementApplication    : Started StudentManagementApplication in 25.258 seconds (process running for 26.366)
2026-04-28T05:34:36.392Z  INFO 6056 --- [StudentManagement-Dev] [RMI TCP Connection(8)-127.0.0.1] o.a.c.c.C.[Tomcat].[localhost].[/]       : Initializing Spring DispatcherServlet 'dispatcherServlet'
2026-04-28T05:34:36.393Z  INFO 6056 --- [StudentManagement-Dev] [RMI TCP Connection(8)-127.0.0.1] o.s.web.servlet.DispatcherServlet        : Initializing Servlet 'dispatcherServlet'
2026-04-28T05:34:36.394Z  INFO 6056 --- [StudentManagement-Dev] [RMI TCP Connection(8)-127.0.0.1] o.s.web.servlet.DispatcherServlet        : Completed initialization in 1 ms
2026-04-28T05:34:38.436Z  WARN 6056 --- [StudentManagement-Dev] [registrationTask1] d.c.b.a.c.r.ApplicationRegistrator       : Failed to register application as Application(name=StudentManagement-Dev, managementUrl=http://student-m-team6-app:8080/actuator, healthUrl=http://student-m-team6-app:8080/actuator/health, serviceUrl=http://student-m-team6-app:8080) at spring-boot-admin ([http://sb-admin:8080/instances]): I/O error on POST request for "http://sb-admin:8080/instances": sb-admin. Further attempts are logged on DEBUG level
2026-04-28T05:48:27.399Z  WARN 6056 --- [StudentManagement-Dev] [http-nio-8081-exec-2] com.zaxxer.hikari.pool.PoolBase          : HikariPool-1 - Failed to validate connection org.postgresql.jdbc.PgConnection@9365a93 (This connection has been closed.). Possibly consider using a shorter maxLifetime value.
2026-04-28T05:48:37.051Z  WARN 6056 --- [StudentManagement-Dev] [http-nio-8081-exec-2] .m.m.a.ExceptionHandlerExceptionResolver : Resolved [org.springframework.web.bind.MissingServletRequestParameterException: Required request parameter 'status' for method parameter type boolean is not present]
2026-04-28T05:49:54.630Z  WARN 6056 --- [StudentManagement-Dev] [http-nio-8081-exec-5] .m.m.a.ExceptionHandlerExceptionResolver : Resolved [org.springframework.web.bind.MissingServletRequestParameterException: Required request parameter 'status' for method parameter type boolean is not present]
2026-04-28T05:50:38.537Z  WARN 6056 --- [StudentManagement-Dev] [http-nio-8081-exec-8] .m.m.a.ExceptionHandlerExceptionResolver : Resolved [org.springframework.web.bind.MissingServletRequestParameterException: Required request parameter 'status' for method parameter type boolean is not present]
2026-04-28T05:53:00.957Z  WARN 6056 --- [StudentManagement-Dev] [http-nio-8081-exec-1] .m.m.a.ExceptionHandlerExceptionResolver : Resolved [org.springframework.web.bind.MissingServletRequestParameterException: Required request parameter 'status' for method parameter type boolean is not present]
2026-04-28T06:01:20.164Z  INFO 6056 --- [StudentManagement-Dev] [File Watcher] rtingClassPathChangeChangedEventListener : Restarting due to 1 class path change (0 additions, 0 deletions, 1 modification)
2026-04-28T06:01:20.217Z  INFO 6056 --- [StudentManagement-Dev] [Thread-5] j.LocalContainerEntityManagerFactoryBean : Closing JPA EntityManagerFactory for persistence unit 'default'
2026-04-28T06:01:20.224Z  INFO 6056 --- [StudentManagement-Dev] [Thread-5] com.zaxxer.hikari.HikariDataSource       : HikariPool-1 - Shutdown initiated...
2026-04-28T06:01:20.236Z  INFO 6056 --- [StudentManagement-Dev] [Thread-5] com.zaxxer.hikari.HikariDataSource       : HikariPool-1 - Shutdown completed.
2026-04-28T06:01:21.540Z  INFO 6056 --- [StudentManagement-Dev] [restartedMain] c.e.demo.StudentManagementApplication    : Starting StudentManagementApplication using Java 21.0.8 with PID 6056 (C:\Users\Damini\OneDrive\Desktop\Team-6\StudentManagement\target\classes started by Damini in C:\Users\Damini\OneDrive\Desktop\Team-6\StudentManagement)
2026-04-28T06:01:21.541Z  INFO 6056 --- [StudentManagement-Dev] [restartedMain] c.e.demo.StudentManagementApplication    : No active profile set, falling back to 1 default profile: "default"
2026-04-28T06:01:23.413Z  INFO 6056 --- [StudentManagement-Dev] [restartedMain] .s.d.r.c.RepositoryConfigurationDelegate : Bootstrapping Spring Data JPA repositories in DEFAULT mode.
2026-04-28T06:01:23.551Z  INFO 6056 --- [StudentManagement-Dev] [restartedMain] .s.d.r.c.RepositoryConfigurationDelegate : Finished Spring Data repository scanning in 135 ms. Found 8 JPA repository interfaces.
2026-04-28T06:01:24.528Z  INFO 6056 --- [StudentManagement-Dev] [restartedMain] o.s.b.w.embedded.tomcat.TomcatWebServer  : Tomcat initialized with port 8081 (http)
2026-04-28T06:01:24.536Z  INFO 6056 --- [StudentManagement-Dev] [restartedMain] o.apache.catalina.core.StandardService   : Starting service [Tomcat]
2026-04-28T06:01:24.538Z  INFO 6056 --- [StudentManagement-Dev] [restartedMain] o.apache.catalina.core.StandardEngine    : Starting Servlet engine: [Apache Tomcat/10.1.20]
2026-04-28T06:01:24.692Z  INFO 6056 --- [StudentManagement-Dev] [restartedMain] o.a.c.c.C.[Tomcat].[localhost].[/]       : Initializing Spring embedded WebApplicationContext
2026-04-28T06:01:24.695Z  INFO 6056 --- [StudentManagement-Dev] [restartedMain] w.s.c.ServletWebServerApplicationContext : Root WebApplicationContext: initialization completed in 3025 ms
2026-04-28T06:01:26.189Z  INFO 6056 --- [StudentManagement-Dev] [restartedMain] o.hibernate.jpa.internal.util.LogHelper  : HHH000204: Processing PersistenceUnitInfo [name: default]
2026-04-28T06:01:26.204Z  INFO 6056 --- [StudentManagement-Dev] [restartedMain] o.h.c.internal.RegionFactoryInitiator    : HHH000026: Second-level cache disabled
2026-04-28T06:01:26.223Z  INFO 6056 --- [StudentManagement-Dev] [restartedMain] o.s.o.j.p.SpringPersistenceUnitInfo      : No LoadTimeWeaver setup: ignoring JPA class transformer
2026-04-28T06:01:26.226Z  INFO 6056 --- [StudentManagement-Dev] [restartedMain] com.zaxxer.hikari.HikariDataSource       : HikariPool-2 - Starting...
2026-04-28T06:01:27.954Z  INFO 6056 --- [StudentManagement-Dev] [restartedMain] com.zaxxer.hikari.pool.HikariPool        : HikariPool-2 - Added connection org.postgresql.jdbc.PgConnection@3f79526
2026-04-28T06:01:27.954Z  INFO 6056 --- [StudentManagement-Dev] [restartedMain] com.zaxxer.hikari.HikariDataSource       : HikariPool-2 - Start completed.
2026-04-28T06:01:28.161Z  WARN 6056 --- [StudentManagement-Dev] [restartedMain] org.hibernate.orm.deprecation            : HHH90000025: PostgreSQLDialect does not need to be specified explicitly using 'hibernate.dialect' (remove the property setting and it will be selected by default)
2026-04-28T06:01:30.024Z  INFO 6056 --- [StudentManagement-Dev] [restartedMain] o.h.e.t.j.p.i.JtaPlatformInitiator       : HHH000489: No JTA platform available (set 'hibernate.transaction.jta.platform' to enable JTA platform integration)
2026-04-28T06:01:37.314Z  INFO 6056 --- [StudentManagement-Dev] [restartedMain] j.LocalContainerEntityManagerFactoryBean : Initialized JPA EntityManagerFactory for persistence unit 'default'
2026-04-28T06:01:37.749Z  WARN 6056 --- [StudentManagement-Dev] [restartedMain] JpaBaseConfiguration$JpaWebConfiguration : spring.jpa.open-in-view is enabled by default. Therefore, database queries may be performed during view rendering. Explicitly configure spring.jpa.open-in-view to disable this warning
2026-04-28T06:01:38.383Z  INFO 6056 --- [StudentManagement-Dev] [restartedMain] o.s.b.a.e.web.EndpointLinksResolver      : Exposing 14 endpoint(s) beneath base path '/actuator'
2026-04-28T06:01:38.556Z  INFO 6056 --- [StudentManagement-Dev] [restartedMain] o.s.s.web.DefaultSecurityFilterChain     : Will secure any request with [org.springframework.security.web.session.DisableEncodeUrlFilter@3d254e3f, org.springframework.security.web.context.request.async.WebAsyncManagerIntegrationFilter@755afbcd, org.springframework.security.web.context.SecurityContextHolderFilter@360e2ae7, org.springframework.security.web.header.HeaderWriterFilter@467ca01, org.springframework.web.filter.CorsFilter@11a90cce, org.springframework.security.web.authentication.logout.LogoutFilter@a9f76be, com.example.demo.config.JwtAuthenticationFilter@1e12c717, org.springframework.security.web.savedrequest.RequestCacheAwareFilter@149fc6d, org.springframework.security.web.servletapi.SecurityContextHolderAwareRequestFilter@5930671b, org.springframework.security.web.authentication.AnonymousAuthenticationFilter@5f01bbd7, org.springframework.security.web.access.ExceptionTranslationFilter@18928ba2, org.springframework.security.web.access.intercept.AuthorizationFilter@4598dc3]
2026-04-28T06:01:39.734Z  INFO 6056 --- [StudentManagement-Dev] [restartedMain] o.s.b.d.a.OptionalLiveReloadServer       : LiveReload server is running on port 35729
2026-04-28T06:01:39.855Z  INFO 6056 --- [StudentManagement-Dev] [restartedMain] o.s.b.w.embedded.tomcat.TomcatWebServer  : Tomcat started on port 8081 (http) with context path ''
2026-04-28T06:01:39.916Z  INFO 6056 --- [StudentManagement-Dev] [restartedMain] c.e.demo.StudentManagementApplication    : Started StudentManagementApplication in 19.015 seconds (process running for 1650.618)
2026-04-28T06:01:39.951Z  INFO 6056 --- [StudentManagement-Dev] [restartedMain] .ConditionEvaluationDeltaLoggingListener : Condition evaluation unchanged
2026-04-28T06:01:41.204Z  INFO 6056 --- [StudentManagement-Dev] [File Watcher] rtingClassPathChangeChangedEventListener : Restarting due to 3 class path changes (0 additions, 0 deletions, 3 modifications)
2026-04-28T06:01:41.225Z  INFO 6056 --- [StudentManagement-Dev] [Thread-7] j.LocalContainerEntityManagerFactoryBean : Closing JPA EntityManagerFactory for persistence unit 'default'
2026-04-28T06:01:41.227Z  INFO 6056 --- [StudentManagement-Dev] [Thread-7] com.zaxxer.hikari.HikariDataSource       : HikariPool-2 - Shutdown initiated...
2026-04-28T06:01:41.231Z  INFO 6056 --- [StudentManagement-Dev] [Thread-7] com.zaxxer.hikari.HikariDataSource       : HikariPool-2 - Shutdown completed.
2026-04-28T06:01:41.378Z  INFO 6056 --- [StudentManagement-Dev] [restartedMain] c.e.demo.StudentManagementApplication    : Starting StudentManagementApplication using Java 21.0.8 with PID 6056 (C:\Users\Damini\OneDrive\Desktop\Team-6\StudentManagement\target\classes started by Damini in C:\Users\Damini\OneDrive\Desktop\Team-6\StudentManagement)
2026-04-28T06:01:41.378Z  INFO 6056 --- [StudentManagement-Dev] [restartedMain] c.e.demo.StudentManagementApplication    : No active profile set, falling back to 1 default profile: "default"
2026-04-28T06:01:41.913Z  INFO 6056 --- [StudentManagement-Dev] [restartedMain] .s.d.r.c.RepositoryConfigurationDelegate : Bootstrapping Spring Data JPA repositories in DEFAULT mode.
2026-04-28T06:01:41.961Z  INFO 6056 --- [StudentManagement-Dev] [restartedMain] .s.d.r.c.RepositoryConfigurationDelegate : Finished Spring Data repository scanning in 48 ms. Found 8 JPA repository interfaces.
2026-04-28T06:01:42.225Z  INFO 6056 --- [StudentManagement-Dev] [restartedMain] o.s.b.w.embedded.tomcat.TomcatWebServer  : Tomcat initialized with port 8081 (http)
2026-04-28T06:01:42.226Z  INFO 6056 --- [StudentManagement-Dev] [restartedMain] o.apache.catalina.core.StandardService   : Starting service [Tomcat]
2026-04-28T06:01:42.226Z  INFO 6056 --- [StudentManagement-Dev] [restartedMain] o.apache.catalina.core.StandardEngine    : Starting Servlet engine: [Apache Tomcat/10.1.20]
2026-04-28T06:01:42.262Z  INFO 6056 --- [StudentManagement-Dev] [restartedMain] o.a.c.c.C.[Tomcat].[localhost].[/]       : Initializing Spring embedded WebApplicationContext
2026-04-28T06:01:42.263Z  INFO 6056 --- [StudentManagement-Dev] [restartedMain] w.s.c.ServletWebServerApplicationContext : Root WebApplicationContext: initialization completed in 881 ms
2026-04-28T06:01:42.510Z  INFO 6056 --- [StudentManagement-Dev] [restartedMain] o.hibernate.jpa.internal.util.LogHelper  : HHH000204: Processing PersistenceUnitInfo [name: default]
2026-04-28T06:01:42.515Z  INFO 6056 --- [StudentManagement-Dev] [restartedMain] o.h.c.internal.RegionFactoryInitiator    : HHH000026: Second-level cache disabled
2026-04-28T06:01:42.521Z  INFO 6056 --- [StudentManagement-Dev] [restartedMain] o.s.o.j.p.SpringPersistenceUnitInfo      : No LoadTimeWeaver setup: ignoring JPA class transformer
2026-04-28T06:01:42.523Z  INFO 6056 --- [StudentManagement-Dev] [restartedMain] com.zaxxer.hikari.HikariDataSource       : HikariPool-3 - Starting...
2026-04-28T06:01:42.777Z  WARN 6056 --- [StudentManagement-Dev] [registrationTask1] d.c.b.a.c.r.ApplicationRegistrator       : Failed to register application as Application(name=StudentManagement-Dev, managementUrl=http://student-m-team6-app:8080/actuator, healthUrl=http://student-m-team6-app:8080/actuator/health, serviceUrl=http://student-m-team6-app:8080) at spring-boot-admin ([http://sb-admin:8080/instances]): I/O error on POST request for "http://sb-admin:8080/instances": sb-admin. Further attempts are logged on DEBUG level
2026-04-28T06:01:44.252Z  INFO 6056 --- [StudentManagement-Dev] [restartedMain] com.zaxxer.hikari.pool.HikariPool        : HikariPool-3 - Added connection org.postgresql.jdbc.PgConnection@4b30cadf
2026-04-28T06:01:44.252Z  INFO 6056 --- [StudentManagement-Dev] [restartedMain] com.zaxxer.hikari.HikariDataSource       : HikariPool-3 - Start completed.
2026-04-28T06:01:44.557Z  WARN 6056 --- [StudentManagement-Dev] [restartedMain] org.hibernate.orm.deprecation            : HHH90000025: PostgreSQLDialect does not need to be specified explicitly using 'hibernate.dialect' (remove the property setting and it will be selected by default)
2026-04-28T06:01:45.654Z  INFO 6056 --- [StudentManagement-Dev] [restartedMain] o.h.e.t.j.p.i.JtaPlatformInitiator       : HHH000489: No JTA platform available (set 'hibernate.transaction.jta.platform' to enable JTA platform integration)
2026-04-28T06:01:53.692Z  INFO 6056 --- [StudentManagement-Dev] [restartedMain] j.LocalContainerEntityManagerFactoryBean : Initialized JPA EntityManagerFactory for persistence unit 'default'
2026-04-28T06:01:54.034Z  WARN 6056 --- [StudentManagement-Dev] [restartedMain] JpaBaseConfiguration$JpaWebConfiguration : spring.jpa.open-in-view is enabled by default. Therefore, database queries may be performed during view rendering. Explicitly configure spring.jpa.open-in-view to disable this warning
2026-04-28T06:01:54.387Z  INFO 6056 --- [StudentManagement-Dev] [restartedMain] o.s.b.a.e.web.EndpointLinksResolver      : Exposing 14 endpoint(s) beneath base path '/actuator'
2026-04-28T06:01:54.425Z  INFO 6056 --- [StudentManagement-Dev] [restartedMain] o.s.s.web.DefaultSecurityFilterChain     : Will secure any request with [org.springframework.security.web.session.DisableEncodeUrlFilter@25b0ccbe, org.springframework.security.web.context.request.async.WebAsyncManagerIntegrationFilter@28eec016, org.springframework.security.web.context.SecurityContextHolderFilter@215eb684, org.springframework.security.web.header.HeaderWriterFilter@7ae5d21f, org.springframework.web.filter.CorsFilter@1b325f26, org.springframework.security.web.authentication.logout.LogoutFilter@20b47172, com.example.demo.config.JwtAuthenticationFilter@29d0340e, org.springframework.security.web.savedrequest.RequestCacheAwareFilter@34ba8974, org.springframework.security.web.servletapi.SecurityContextHolderAwareRequestFilter@2fc758eb, org.springframework.security.web.authentication.AnonymousAuthenticationFilter@43246ab4, org.springframework.security.web.access.ExceptionTranslationFilter@2fbafef, org.springframework.security.web.access.intercept.AuthorizationFilter@66cd63d5]
2026-04-28T06:01:54.828Z  INFO 6056 --- [StudentManagement-Dev] [restartedMain] o.s.b.d.a.OptionalLiveReloadServer       : LiveReload server is running on port 35729
2026-04-28T06:01:54.856Z  INFO 6056 --- [StudentManagement-Dev] [restartedMain] o.s.b.w.embedded.tomcat.TomcatWebServer  : Tomcat started on port 8081 (http) with context path ''
2026-04-28T06:01:54.871Z  INFO 6056 --- [StudentManagement-Dev] [restartedMain] c.e.demo.StudentManagementApplication    : Started StudentManagementApplication in 13.535 seconds (process running for 1665.575)
2026-04-28T06:01:54.876Z  INFO 6056 --- [StudentManagement-Dev] [restartedMain] .ConditionEvaluationDeltaLoggingListener : Condition evaluation unchanged
2026-04-28T06:01:57.578Z  WARN 6056 --- [StudentManagement-Dev] [registrationTask1] d.c.b.a.c.r.ApplicationRegistrator       : Failed to register application as Application(name=StudentManagement-Dev, managementUrl=http://student-m-team6-app:8080/actuator, healthUrl=http://student-m-team6-app:8080/actuator/health, serviceUrl=http://student-m-team6-app:8080) at spring-boot-admin ([http://sb-admin:8080/instances]): I/O error on POST request for "http://sb-admin:8080/instances": sb-admin. Further attempts are logged on DEBUG level
2026-04-28T06:02:00.050Z  INFO 6056 --- [StudentManagement-Dev] [http-nio-8081-exec-2] o.a.c.c.C.[Tomcat].[localhost].[/]       : Initializing Spring DispatcherServlet 'dispatcherServlet'
2026-04-28T06:02:00.050Z  INFO 6056 --- [StudentManagement-Dev] [http-nio-8081-exec-2] o.s.web.servlet.DispatcherServlet        : Initializing Servlet 'dispatcherServlet'
2026-04-28T06:02:00.052Z  INFO 6056 --- [StudentManagement-Dev] [http-nio-8081-exec-2] o.s.web.servlet.DispatcherServlet        : Completed initialization in 2 ms
2026-04-28T06:12:36.659Z  WARN 6056 --- [StudentManagement-Dev] [http-nio-8081-exec-5] com.zaxxer.hikari.pool.PoolBase          : HikariPool-3 - Failed to validate connection org.postgresql.jdbc.PgConnection@4b30cadf (This connection has been closed.). Possibly consider using a shorter maxLifetime value.
2026-04-28T06:12:36.714Z  WARN 6056 --- [StudentManagement-Dev] [http-nio-8081-exec-5] com.zaxxer.hikari.pool.PoolBase          : HikariPool-3 - Failed to validate connection org.postgresql.jdbc.PgConnection@6f50c32c (This connection has been closed.). Possibly consider using a shorter maxLifetime value.
2026-04-28T06:12:36.946Z  WARN 6056 --- [StudentManagement-Dev] [http-nio-8081-exec-5] com.zaxxer.hikari.pool.PoolBase          : HikariPool-3 - Failed to validate connection org.postgresql.jdbc.PgConnection@274da553 (This connection has been closed.). Possibly consider using a shorter maxLifetime value.
2026-04-28T06:12:37.025Z  WARN 6056 --- [StudentManagement-Dev] [http-nio-8081-exec-5] com.zaxxer.hikari.pool.PoolBase          : HikariPool-3 - Failed to validate connection org.postgresql.jdbc.PgConnection@6a90230d (This connection has been closed.). Possibly consider using a shorter maxLifetime value.
2026-04-28T06:12:37.089Z  WARN 6056 --- [StudentManagement-Dev] [http-nio-8081-exec-5] com.zaxxer.hikari.pool.PoolBase          : HikariPool-3 - Failed to validate connection org.postgresql.jdbc.PgConnection@54b9d5b4 (This connection has been closed.). Possibly consider using a shorter maxLifetime value.
2026-04-28T06:12:37.122Z  WARN 6056 --- [StudentManagement-Dev] [http-nio-8081-exec-5] com.zaxxer.hikari.pool.PoolBase          : HikariPool-3 - Failed to validate connection org.postgresql.jdbc.PgConnection@3d9925ac (This connection has been closed.). Possibly consider using a shorter maxLifetime value.
2026-04-28T06:12:37.168Z  WARN 6056 --- [StudentManagement-Dev] [http-nio-8081-exec-5] com.zaxxer.hikari.pool.PoolBase          : HikariPool-3 - Failed to validate connection org.postgresql.jdbc.PgConnection@77346871 (This connection has been closed.). Possibly consider using a shorter maxLifetime value.
2026-04-28T06:12:37.214Z  WARN 6056 --- [StudentManagement-Dev] [http-nio-8081-exec-5] com.zaxxer.hikari.pool.PoolBase          : HikariPool-3 - Failed to validate connection org.postgresql.jdbc.PgConnection@1c57a5d1 (This connection has been closed.). Possibly consider using a shorter maxLifetime value.
2026-04-28T06:12:37.247Z  WARN 6056 --- [StudentManagement-Dev] [http-nio-8081-exec-5] com.zaxxer.hikari.pool.PoolBase          : HikariPool-3 - Failed to validate connection org.postgresql.jdbc.PgConnection@659d79a (This connection has been closed.). Possibly consider using a shorter maxLifetime value.
2026-04-28T06:12:37.295Z  WARN 6056 --- [StudentManagement-Dev] [http-nio-8081-exec-5] com.zaxxer.hikari.pool.PoolBase          : HikariPool-3 - Failed to validate connection org.postgresql.jdbc.PgConnection@729936b8 (This connection has been closed.). Possibly consider using a shorter maxLifetime value.
2026-04-28T06:18:28.164Z  WARN 6056 --- [StudentManagement-Dev] [http-nio-8081-exec-8] com.zaxxer.hikari.pool.PoolBase          : HikariPool-3 - Failed to validate connection org.postgresql.jdbc.PgConnection@4c56aa28 (This connection has been closed.). Possibly consider using a shorter maxLifetime value.
2026-04-28T06:18:28.201Z  WARN 6056 --- [StudentManagement-Dev] [http-nio-8081-exec-8] com.zaxxer.hikari.pool.PoolBase          : HikariPool-3 - Failed to validate connection org.postgresql.jdbc.PgConnection@43f73090 (This connection has been closed.). Possibly consider using a shorter maxLifetime value.
2026-04-28T06:18:28.234Z  WARN 6056 --- [StudentManagement-Dev] [http-nio-8081-exec-8] com.zaxxer.hikari.pool.PoolBase          : HikariPool-3 - Failed to validate connection org.postgresql.jdbc.PgConnection@4caf91be (This connection has been closed.). Possibly consider using a shorter maxLifetime value.
2026-04-28T06:18:28.275Z  WARN 6056 --- [StudentManagement-Dev] [http-nio-8081-exec-8] com.zaxxer.hikari.pool.PoolBase          : HikariPool-3 - Failed to validate connection org.postgresql.jdbc.PgConnection@355175e9 (This connection has been closed.). Possibly consider using a shorter maxLifetime value.
2026-04-28T06:18:28.325Z  WARN 6056 --- [StudentManagement-Dev] [http-nio-8081-exec-8] com.zaxxer.hikari.pool.PoolBase          : HikariPool-3 - Failed to validate connection org.postgresql.jdbc.PgConnection@5bba09e8 (This connection has been closed.). Possibly consider using a shorter maxLifetime value.
2026-04-28T06:18:28.858Z  WARN 6056 --- [StudentManagement-Dev] [http-nio-8081-exec-7] com.zaxxer.hikari.pool.PoolBase          : HikariPool-3 - Failed to validate connection org.postgresql.jdbc.PgConnection@51da13fb (This connection has been closed.). Possibly consider using a shorter maxLifetime value.
2026-04-28T06:18:29.081Z  WARN 6056 --- [StudentManagement-Dev] [http-nio-8081-exec-10] com.zaxxer.hikari.pool.PoolBase          : HikariPool-3 - Failed to validate connection org.postgresql.jdbc.PgConnection@69144f44 (This connection has been closed.). Possibly consider using a shorter maxLifetime value.
2026-04-28T06:18:30.191Z  WARN 6056 --- [StudentManagement-Dev] [http-nio-8081-exec-7] com.zaxxer.hikari.pool.ProxyConnection   : HikariPool-3 - Connection org.postgresql.jdbc.PgConnection@19ebe08c marked as broken because of SQLSTATE(08006), ErrorCode(0)

org.postgresql.util.PSQLException: An I/O error occurred while sending to the backend.
	at org.postgresql.core.v3.QueryExecutorImpl.execute(QueryExecutorImpl.java:395) ~[postgresql-42.6.2.jar:42.6.2]
	at org.postgresql.core.v3.QueryExecutorImpl.execute(QueryExecutorImpl.java:327) ~[postgresql-42.6.2.jar:42.6.2]
	at org.postgresql.jdbc.PgConnection.executeTransactionCommand(PgConnection.java:965) ~[postgresql-42.6.2.jar:42.6.2]
	at org.postgresql.jdbc.PgConnection.commit(PgConnection.java:987) ~[postgresql-42.6.2.jar:42.6.2]
	at com.zaxxer.hikari.pool.ProxyConnection.commit(ProxyConnection.java:377) ~[HikariCP-5.0.1.jar:na]
	at com.zaxxer.hikari.pool.HikariProxyConnection.commit(HikariProxyConnection.java) ~[HikariCP-5.0.1.jar:na]
	at org.hibernate.resource.jdbc.internal.AbstractLogicalConnectionImplementor.commit(AbstractLogicalConnectionImplementor.java:86) ~[hibernate-core-6.4.4.Final.jar:6.4.4.Final]
	at org.hibernate.resource.transaction.backend.jdbc.internal.JdbcResourceLocalTransactionCoordinatorImpl$TransactionDriverControlImpl.commit(JdbcResourceLocalTransactionCoordinatorImpl.java:268) ~[hibernate-core-6.4.4.Final.jar:6.4.4.Final]
	at org.hibernate.engine.transaction.internal.TransactionImpl.commit(TransactionImpl.java:101) ~[hibernate-core-6.4.4.Final.jar:6.4.4.Final]
	at org.springframework.orm.jpa.JpaTransactionManager.doCommit(JpaTransactionManager.java:562) ~[spring-orm-6.1.6.jar:6.1.6]
	at org.springframework.transaction.support.AbstractPlatformTransactionManager.processCommit(AbstractPlatformTransactionManager.java:794) ~[spring-tx-6.1.6.jar:6.1.6]
	at org.springframework.transaction.support.AbstractPlatformTransactionManager.commit(AbstractPlatformTransactionManager.java:757) ~[spring-tx-6.1.6.jar:6.1.6]
	at org.springframework.transaction.interceptor.TransactionAspectSupport.commitTransactionAfterReturning(TransactionAspectSupport.java:676) ~[spring-tx-6.1.6.jar:6.1.6]
	at org.springframework.transaction.interceptor.TransactionAspectSupport.invokeWithinTransaction(TransactionAspectSupport.java:426) ~[spring-tx-6.1.6.jar:6.1.6]
	at org.springframework.transaction.interceptor.TransactionInterceptor.invoke(TransactionInterceptor.java:119) ~[spring-tx-6.1.6.jar:6.1.6]
	at org.springframework.aop.framework.ReflectiveMethodInvocation.proceed(ReflectiveMethodInvocation.java:184) ~[spring-aop-6.1.6.jar:6.1.6]
	at org.springframework.dao.support.PersistenceExceptionTranslationInterceptor.invoke(PersistenceExceptionTranslationInterceptor.java:137) ~[spring-tx-6.1.6.jar:6.1.6]
	at org.springframework.aop.framework.ReflectiveMethodInvocation.proceed(ReflectiveMethodInvocation.java:184) ~[spring-aop-6.1.6.jar:6.1.6]
	at org.springframework.data.jpa.repository.support.CrudMethodMetadataPostProcessor$CrudMethodMetadataPopulatingMethodInterceptor.invoke(CrudMethodMetadataPostProcessor.java:164) ~[spring-data-jpa-3.2.5.jar:3.2.5]
	at org.springframework.aop.framework.ReflectiveMethodInvocation.proceed(ReflectiveMethodInvocation.java:184) ~[spring-aop-6.1.6.jar:6.1.6]
	at org.springframework.aop.interceptor.ExposeInvocationInterceptor.invoke(ExposeInvocationInterceptor.java:97) ~[spring-aop-6.1.6.jar:6.1.6]
	at org.springframework.aop.framework.ReflectiveMethodInvocation.proceed(ReflectiveMethodInvocation.java:184) ~[spring-aop-6.1.6.jar:6.1.6]
	at org.springframework.aop.framework.JdkDynamicAopProxy.invoke(JdkDynamicAopProxy.java:223) ~[spring-aop-6.1.6.jar:6.1.6]
	at jdk.proxy6/jdk.proxy6.$Proxy190.save(Unknown Source) ~[na:na]
	at com.example.demo.controller.UserController.updateUserStatus(UserController.java:93) ~[classes/:na]
	at java.base/jdk.internal.reflect.DirectMethodHandleAccessor.invoke(DirectMethodHandleAccessor.java:103) ~[na:na]
	at java.base/java.lang.reflect.Method.invoke(Method.java:580) ~[na:na]
	at org.springframework.web.method.support.InvocableHandlerMethod.doInvoke(InvocableHandlerMethod.java:255) ~[spring-web-6.1.6.jar:6.1.6]
	at org.springframework.web.method.support.InvocableHandlerMethod.invokeForRequest(InvocableHandlerMethod.java:188) ~[spring-web-6.1.6.jar:6.1.6]
	at org.springframework.web.servlet.mvc.method.annotation.ServletInvocableHandlerMethod.invokeAndHandle(ServletInvocableHandlerMethod.java:118) ~[spring-webmvc-6.1.6.jar:6.1.6]
	at org.springframework.web.servlet.mvc.method.annotation.RequestMappingHandlerAdapter.invokeHandlerMethod(RequestMappingHandlerAdapter.java:926) ~[spring-webmvc-6.1.6.jar:6.1.6]
	at org.springframework.web.servlet.mvc.method.annotation.RequestMappingHandlerAdapter.handleInternal(RequestMappingHandlerAdapter.java:831) ~[spring-webmvc-6.1.6.jar:6.1.6]
	at org.springframework.web.servlet.mvc.method.AbstractHandlerMethodAdapter.handle(AbstractHandlerMethodAdapter.java:87) ~[spring-webmvc-6.1.6.jar:6.1.6]
	at org.springframework.web.servlet.DispatcherServlet.doDispatch(DispatcherServlet.java:1089) ~[spring-webmvc-6.1.6.jar:6.1.6]
	at org.springframework.web.servlet.DispatcherServlet.doService(DispatcherServlet.java:979) ~[spring-webmvc-6.1.6.jar:6.1.6]
	at org.springframework.web.servlet.FrameworkServlet.processRequest(FrameworkServlet.java:1014) ~[spring-webmvc-6.1.6.jar:6.1.6]
	at org.springframework.web.servlet.FrameworkServlet.doPut(FrameworkServlet.java:925) ~[spring-webmvc-6.1.6.jar:6.1.6]
	at jakarta.servlet.http.HttpServlet.service(HttpServlet.java:593) ~[tomcat-embed-core-10.1.20.jar:6.0]
	at org.springframework.web.servlet.FrameworkServlet.service(FrameworkServlet.java:885) ~[spring-webmvc-6.1.6.jar:6.1.6]
	at jakarta.servlet.http.HttpServlet.service(HttpServlet.java:658) ~[tomcat-embed-core-10.1.20.jar:6.0]
	at org.apache.catalina.core.ApplicationFilterChain.internalDoFilter(ApplicationFilterChain.java:206) ~[tomcat-embed-core-10.1.20.jar:10.1.20]
	at org.apache.catalina.core.ApplicationFilterChain.doFilter(ApplicationFilterChain.java:150) ~[tomcat-embed-core-10.1.20.jar:10.1.20]
	at org.apache.tomcat.websocket.server.WsFilter.doFilter(WsFilter.java:51) ~[tomcat-embed-websocket-10.1.20.jar:10.1.20]
	at org.apache.catalina.core.ApplicationFilterChain.internalDoFilter(ApplicationFilterChain.java:175) ~[tomcat-embed-core-10.1.20.jar:10.1.20]
	at org.apache.catalina.core.ApplicationFilterChain.doFilter(ApplicationFilterChain.java:150) ~[tomcat-embed-core-10.1.20.jar:10.1.20]
	at org.springframework.web.filter.OncePerRequestFilter.doFilter(OncePerRequestFilter.java:110) ~[spring-web-6.1.6.jar:6.1.6]
	at org.apache.catalina.core.ApplicationFilterChain.internalDoFilter(ApplicationFilterChain.java:175) ~[tomcat-embed-core-10.1.20.jar:10.1.20]
	at org.apache.catalina.core.ApplicationFilterChain.doFilter(ApplicationFilterChain.java:150) ~[tomcat-embed-core-10.1.20.jar:10.1.20]
	at org.springframework.web.filter.CompositeFilter$VirtualFilterChain.doFilter(CompositeFilter.java:108) ~[spring-web-6.1.6.jar:6.1.6]
	at org.springframework.security.web.FilterChainProxy.lambda$doFilterInternal$3(FilterChainProxy.java:231) ~[spring-security-web-6.2.4.jar:6.2.4]
	at org.springframework.security.web.ObservationFilterChainDecorator$FilterObservation$SimpleFilterObservation.lambda$wrap$1(ObservationFilterChainDecorator.java:479) ~[spring-security-web-6.2.4.jar:6.2.4]
	at org.springframework.security.web.ObservationFilterChainDecorator$AroundFilterObservation$SimpleAroundFilterObservation.lambda$wrap$1(ObservationFilterChainDecorator.java:340) ~[spring-security-web-6.2.4.jar:6.2.4]
	at org.springframework.security.web.ObservationFilterChainDecorator.lambda$wrapSecured$0(ObservationFilterChainDecorator.java:82) ~[spring-security-web-6.2.4.jar:6.2.4]
	at org.springframework.security.web.ObservationFilterChainDecorator$VirtualFilterChain.doFilter(ObservationFilterChainDecorator.java:128) ~[spring-security-web-6.2.4.jar:6.2.4]
	at org.springframework.security.web.access.intercept.AuthorizationFilter.doFilter(AuthorizationFilter.java:100) ~[spring-security-web-6.2.4.jar:6.2.4]
	at org.springframework.security.web.ObservationFilterChainDecorator$ObservationFilter.wrapFilter(ObservationFilterChainDecorator.java:240) ~[spring-security-web-6.2.4.jar:6.2.4]
	at org.springframework.security.web.ObservationFilterChainDecorator$ObservationFilter.doFilter(ObservationFilterChainDecorator.java:227) ~[spring-security-web-6.2.4.jar:6.2.4]
	at org.springframework.security.web.ObservationFilterChainDecorator$VirtualFilterChain.doFilter(ObservationFilterChainDecorator.java:137) ~[spring-security-web-6.2.4.jar:6.2.4]
	at org.springframework.security.web.access.ExceptionTranslationFilter.doFilter(ExceptionTranslationFilter.java:126) ~[spring-security-web-6.2.4.jar:6.2.4]
	at org.springframework.security.web.access.ExceptionTranslationFilter.doFilter(ExceptionTranslationFilter.java:120) ~[spring-security-web-6.2.4.jar:6.2.4]
	at org.springframework.security.web.ObservationFilterChainDecorator$ObservationFilter.wrapFilter(ObservationFilterChainDecorator.java:240) ~[spring-security-web-6.2.4.jar:6.2.4]
	at org.springframework.security.web.ObservationFilterChainDecorator$ObservationFilter.doFilter(ObservationFilterChainDecorator.java:227) ~[spring-security-web-6.2.4.jar:6.2.4]
	at org.springframework.security.web.ObservationFilterChainDecorator$VirtualFilterChain.doFilter(ObservationFilterChainDecorator.java:137) ~[spring-security-web-6.2.4.jar:6.2.4]
	at org.springframework.security.web.authentication.AnonymousAuthenticationFilter.doFilter(AnonymousAuthenticationFilter.java:100) ~[spring-security-web-6.2.4.jar:6.2.4]
	at org.springframework.security.web.ObservationFilterChainDecorator$ObservationFilter.wrapFilter(ObservationFilterChainDecorator.java:240) ~[spring-security-web-6.2.4.jar:6.2.4]
	at org.springframework.security.web.ObservationFilterChainDecorator$ObservationFilter.doFilter(ObservationFilterChainDecorator.java:227) ~[spring-security-web-6.2.4.jar:6.2.4]
	at org.springframework.security.web.ObservationFilterChainDecorator$VirtualFilterChain.doFilter(ObservationFilterChainDecorator.java:137) ~[spring-security-web-6.2.4.jar:6.2.4]
	at org.springframework.security.web.servletapi.SecurityContextHolderAwareRequestFilter.doFilter(SecurityContextHolderAwareRequestFilter.java:179) ~[spring-security-web-6.2.4.jar:6.2.4]
	at org.springframework.security.web.ObservationFilterChainDecorator$ObservationFilter.wrapFilter(ObservationFilterChainDecorator.java:240) ~[spring-security-web-6.2.4.jar:6.2.4]
	at org.springframework.security.web.ObservationFilterChainDecorator$ObservationFilter.doFilter(ObservationFilterChainDecorator.java:227) ~[spring-security-web-6.2.4.jar:6.2.4]
	at org.springframework.security.web.ObservationFilterChainDecorator$VirtualFilterChain.doFilter(ObservationFilterChainDecorator.java:137) ~[spring-security-web-6.2.4.jar:6.2.4]
	at org.springframework.security.web.savedrequest.RequestCacheAwareFilter.doFilter(RequestCacheAwareFilter.java:63) ~[spring-security-web-6.2.4.jar:6.2.4]
	at org.springframework.security.web.ObservationFilterChainDecorator$ObservationFilter.wrapFilter(ObservationFilterChainDecorator.java:240) ~[spring-security-web-6.2.4.jar:6.2.4]
	at org.springframework.security.web.ObservationFilterChainDecorator$ObservationFilter.doFilter(ObservationFilterChainDecorator.java:227) ~[spring-security-web-6.2.4.jar:6.2.4]
	at org.springframework.security.web.ObservationFilterChainDecorator$VirtualFilterChain.doFilter(ObservationFilterChainDecorator.java:137) ~[spring-security-web-6.2.4.jar:6.2.4]
	at com.example.demo.config.JwtAuthenticationFilter.doFilterInternal(JwtAuthenticationFilter.java:45) ~[classes/:na]
	at org.springframework.web.filter.OncePerRequestFilter.doFilter(OncePerRequestFilter.java:116) ~[spring-web-6.1.6.jar:6.1.6]
	at org.springframework.security.web.ObservationFilterChainDecorator$ObservationFilter.wrapFilter(ObservationFilterChainDecorator.java:240) ~[spring-security-web-6.2.4.jar:6.2.4]
	at org.springframework.security.web.ObservationFilterChainDecorator$ObservationFilter.doFilter(ObservationFilterChainDecorator.java:227) ~[spring-security-web-6.2.4.jar:6.2.4]
	at org.springframework.security.web.ObservationFilterChainDecorator$VirtualFilterChain.doFilter(ObservationFilterChainDecorator.java:137) ~[spring-security-web-6.2.4.jar:6.2.4]
	at org.springframework.security.web.authentication.logout.LogoutFilter.doFilter(LogoutFilter.java:107) ~[spring-security-web-6.2.4.jar:6.2.4]
	at org.springframework.security.web.authentication.logout.LogoutFilter.doFilter(LogoutFilter.java:93) ~[spring-security-web-6.2.4.jar:6.2.4]
	at org.springframework.security.web.ObservationFilterChainDecorator$ObservationFilter.wrapFilter(ObservationFilterChainDecorator.java:240) ~[spring-security-web-6.2.4.jar:6.2.4]
	at org.springframework.security.web.ObservationFilterChainDecorator$ObservationFilter.doFilter(ObservationFilterChainDecorator.java:227) ~[spring-security-web-6.2.4.jar:6.2.4]
	at org.springframework.security.web.ObservationFilterChainDecorator$VirtualFilterChain.doFilter(ObservationFilterChainDecorator.java:137) ~[spring-security-web-6.2.4.jar:6.2.4]
	at org.springframework.web.filter.CorsFilter.doFilterInternal(CorsFilter.java:91) ~[spring-web-6.1.6.jar:6.1.6]
	at org.springframework.web.filter.OncePerRequestFilter.doFilter(OncePerRequestFilter.java:116) ~[spring-web-6.1.6.jar:6.1.6]
	at org.springframework.security.web.ObservationFilterChainDecorator$ObservationFilter.wrapFilter(ObservationFilterChainDecorator.java:240) ~[spring-security-web-6.2.4.jar:6.2.4]
	at org.springframework.security.web.ObservationFilterChainDecorator$ObservationFilter.doFilter(ObservationFilterChainDecorator.java:227) ~[spring-security-web-6.2.4.jar:6.2.4]
	at org.springframework.security.web.ObservationFilterChainDecorator$VirtualFilterChain.doFilter(ObservationFilterChainDecorator.java:137) ~[spring-security-web-6.2.4.jar:6.2.4]
	at org.springframework.security.web.header.HeaderWriterFilter.doHeadersAfter(HeaderWriterFilter.java:90) ~[spring-security-web-6.2.4.jar:6.2.4]
	at org.springframework.security.web.header.HeaderWriterFilter.doFilterInternal(HeaderWriterFilter.java:75) ~[spring-security-web-6.2.4.jar:6.2.4]
	at org.springframework.web.filter.OncePerRequestFilter.doFilter(OncePerRequestFilter.java:116) ~[spring-web-6.1.6.jar:6.1.6]
	at org.springframework.security.web.ObservationFilterChainDecorator$ObservationFilter.wrapFilter(ObservationFilterChainDecorator.java:240) ~[spring-security-web-6.2.4.jar:6.2.4]
	at org.springframework.security.web.ObservationFilterChainDecorator$ObservationFilter.doFilter(ObservationFilterChainDecorator.java:227) ~[spring-security-web-6.2.4.jar:6.2.4]
	at org.springframework.security.web.ObservationFilterChainDecorator$VirtualFilterChain.doFilter(ObservationFilterChainDecorator.java:137) ~[spring-security-web-6.2.4.jar:6.2.4]
	at org.springframework.security.web.context.SecurityContextHolderFilter.doFilter(SecurityContextHolderFilter.java:82) ~[spring-security-web-6.2.4.jar:6.2.4]
	at org.springframework.security.web.context.SecurityContextHolderFilter.doFilter(SecurityContextHolderFilter.java:69) ~[spring-security-web-6.2.4.jar:6.2.4]
	at org.springframework.security.web.ObservationFilterChainDecorator$ObservationFilter.wrapFilter(ObservationFilterChainDecorator.java:240) ~[spring-security-web-6.2.4.jar:6.2.4]
	at org.springframework.security.web.ObservationFilterChainDecorator$ObservationFilter.doFilter(ObservationFilterChainDecorator.java:227) ~[spring-security-web-6.2.4.jar:6.2.4]
	at org.springframework.security.web.ObservationFilterChainDecorator$VirtualFilterChain.doFilter(ObservationFilterChainDecorator.java:137) ~[spring-security-web-6.2.4.jar:6.2.4]
	at org.springframework.security.web.context.request.async.WebAsyncManagerIntegrationFilter.doFilterInternal(WebAsyncManagerIntegrationFilter.java:62) ~[spring-security-web-6.2.4.jar:6.2.4]
	at org.springframework.web.filter.OncePerRequestFilter.doFilter(OncePerRequestFilter.java:116) ~[spring-web-6.1.6.jar:6.1.6]
	at org.springframework.security.web.ObservationFilterChainDecorator$ObservationFilter.wrapFilter(ObservationFilterChainDecorator.java:240) ~[spring-security-web-6.2.4.jar:6.2.4]
	at org.springframework.security.web.ObservationFilterChainDecorator$ObservationFilter.doFilter(ObservationFilterChainDecorator.java:227) ~[spring-security-web-6.2.4.jar:6.2.4]
	at org.springframework.security.web.ObservationFilterChainDecorator$VirtualFilterChain.doFilter(ObservationFilterChainDecorator.java:137) ~[spring-security-web-6.2.4.jar:6.2.4]
	at org.springframework.security.web.session.DisableEncodeUrlFilter.doFilterInternal(DisableEncodeUrlFilter.java:42) ~[spring-security-web-6.2.4.jar:6.2.4]
	at org.springframework.web.filter.OncePerRequestFilter.doFilter(OncePerRequestFilter.java:116) ~[spring-web-6.1.6.jar:6.1.6]
	at org.springframework.security.web.ObservationFilterChainDecorator$ObservationFilter.wrapFilter(ObservationFilterChainDecorator.java:240) ~[spring-security-web-6.2.4.jar:6.2.4]
	at org.springframework.security.web.ObservationFilterChainDecorator$AroundFilterObservation$SimpleAroundFilterObservation.lambda$wrap$0(ObservationFilterChainDecorator.java:323) ~[spring-security-web-6.2.4.jar:6.2.4]
	at org.springframework.security.web.ObservationFilterChainDecorator$ObservationFilter.doFilter(ObservationFilterChainDecorator.java:224) ~[spring-security-web-6.2.4.jar:6.2.4]
	at org.springframework.security.web.ObservationFilterChainDecorator$VirtualFilterChain.doFilter(ObservationFilterChainDecorator.java:137) ~[spring-security-web-6.2.4.jar:6.2.4]
	at org.springframework.security.web.FilterChainProxy.doFilterInternal(FilterChainProxy.java:233) ~[spring-security-web-6.2.4.jar:6.2.4]
	at org.springframework.security.web.FilterChainProxy.doFilter(FilterChainProxy.java:191) ~[spring-security-web-6.2.4.jar:6.2.4]
	at org.springframework.web.filter.CompositeFilter$VirtualFilterChain.doFilter(CompositeFilter.java:113) ~[spring-web-6.1.6.jar:6.1.6]
	at org.springframework.web.servlet.handler.HandlerMappingIntrospector.lambda$createCacheFilter$3(HandlerMappingIntrospector.java:195) ~[spring-webmvc-6.1.6.jar:6.1.6]
	at org.springframework.web.filter.CompositeFilter$VirtualFilterChain.doFilter(CompositeFilter.java:113) ~[spring-web-6.1.6.jar:6.1.6]
	at org.springframework.web.filter.CompositeFilter.doFilter(CompositeFilter.java:74) ~[spring-web-6.1.6.jar:6.1.6]
	at org.springframework.security.config.annotation.web.configuration.WebMvcSecurityConfiguration$CompositeFilterChainProxy.doFilter(WebMvcSecurityConfiguration.java:230) ~[spring-security-config-6.2.4.jar:6.2.4]
	at org.springframework.web.filter.DelegatingFilterProxy.invokeDelegate(DelegatingFilterProxy.java:352) ~[spring-web-6.1.6.jar:6.1.6]
	at org.springframework.web.filter.DelegatingFilterProxy.doFilter(DelegatingFilterProxy.java:268) ~[spring-web-6.1.6.jar:6.1.6]
	at org.apache.catalina.core.ApplicationFilterChain.internalDoFilter(ApplicationFilterChain.java:175) ~[tomcat-embed-core-10.1.20.jar:10.1.20]
	at org.apache.catalina.core.ApplicationFilterChain.doFilter(ApplicationFilterChain.java:150) ~[tomcat-embed-core-10.1.20.jar:10.1.20]
	at org.springframework.web.filter.RequestContextFilter.doFilterInternal(RequestContextFilter.java:100) ~[spring-web-6.1.6.jar:6.1.6]
	at org.springframework.web.filter.OncePerRequestFilter.doFilter(OncePerRequestFilter.java:116) ~[spring-web-6.1.6.jar:6.1.6]
	at org.apache.catalina.core.ApplicationFilterChain.internalDoFilter(ApplicationFilterChain.java:175) ~[tomcat-embed-core-10.1.20.jar:10.1.20]
	at org.apache.catalina.core.ApplicationFilterChain.doFilter(ApplicationFilterChain.java:150) ~[tomcat-embed-core-10.1.20.jar:10.1.20]
	at org.springframework.web.filter.FormContentFilter.doFilterInternal(FormContentFilter.java:93) ~[spring-web-6.1.6.jar:6.1.6]
	at org.springframework.web.filter.OncePerRequestFilter.doFilter(OncePerRequestFilter.java:116) ~[spring-web-6.1.6.jar:6.1.6]
	at org.apache.catalina.core.ApplicationFilterChain.internalDoFilter(ApplicationFilterChain.java:175) ~[tomcat-embed-core-10.1.20.jar:10.1.20]
	at org.apache.catalina.core.ApplicationFilterChain.doFilter(ApplicationFilterChain.java:150) ~[tomcat-embed-core-10.1.20.jar:10.1.20]
	at org.springframework.web.filter.ServerHttpObservationFilter.doFilterInternal(ServerHttpObservationFilter.java:109) ~[spring-web-6.1.6.jar:6.1.6]
	at org.springframework.web.filter.OncePerRequestFilter.doFilter(OncePerRequestFilter.java:116) ~[spring-web-6.1.6.jar:6.1.6]
	at org.apache.catalina.core.ApplicationFilterChain.internalDoFilter(ApplicationFilterChain.java:175) ~[tomcat-embed-core-10.1.20.jar:10.1.20]
	at org.apache.catalina.core.ApplicationFilterChain.doFilter(ApplicationFilterChain.java:150) ~[tomcat-embed-core-10.1.20.jar:10.1.20]
	at org.springframework.web.filter.CharacterEncodingFilter.doFilterInternal(CharacterEncodingFilter.java:201) ~[spring-web-6.1.6.jar:6.1.6]
	at org.springframework.web.filter.OncePerRequestFilter.doFilter(OncePerRequestFilter.java:116) ~[spring-web-6.1.6.jar:6.1.6]
	at org.apache.catalina.core.ApplicationFilterChain.internalDoFilter(ApplicationFilterChain.java:175) ~[tomcat-embed-core-10.1.20.jar:10.1.20]
	at org.apache.catalina.core.ApplicationFilterChain.doFilter(ApplicationFilterChain.java:150) ~[tomcat-embed-core-10.1.20.jar:10.1.20]
	at org.apache.catalina.core.StandardWrapperValve.invoke(StandardWrapperValve.java:167) ~[tomcat-embed-core-10.1.20.jar:10.1.20]
	at org.apache.catalina.core.StandardContextValve.invoke(StandardContextValve.java:90) ~[tomcat-embed-core-10.1.20.jar:10.1.20]
	at org.apache.catalina.authenticator.AuthenticatorBase.invoke(AuthenticatorBase.java:482) ~[tomcat-embed-core-10.1.20.jar:10.1.20]
	at org.apache.catalina.core.StandardHostValve.invoke(StandardHostValve.java:115) ~[tomcat-embed-core-10.1.20.jar:10.1.20]
	at org.apache.catalina.valves.ErrorReportValve.invoke(ErrorReportValve.java:93) ~[tomcat-embed-core-10.1.20.jar:10.1.20]
	at org.apache.catalina.core.StandardEngineValve.invoke(StandardEngineValve.java:74) ~[tomcat-embed-core-10.1.20.jar:10.1.20]
	at org.apache.catalina.connector.CoyoteAdapter.service(CoyoteAdapter.java:344) ~[tomcat-embed-core-10.1.20.jar:10.1.20]
	at org.apache.coyote.http11.Http11Processor.service(Http11Processor.java:391) ~[tomcat-embed-core-10.1.20.jar:10.1.20]
	at org.apache.coyote.AbstractProcessorLight.process(AbstractProcessorLight.java:63) ~[tomcat-embed-core-10.1.20.jar:10.1.20]
	at org.apache.coyote.AbstractProtocol$ConnectionHandler.process(AbstractProtocol.java:896) ~[tomcat-embed-core-10.1.20.jar:10.1.20]
	at org.apache.tomcat.util.net.NioEndpoint$SocketProcessor.doRun(NioEndpoint.java:1736) ~[tomcat-embed-core-10.1.20.jar:10.1.20]
	at org.apache.tomcat.util.net.SocketProcessorBase.run(SocketProcessorBase.java:52) ~[tomcat-embed-core-10.1.20.jar:10.1.20]
	at org.apache.tomcat.util.threads.ThreadPoolExecutor.runWorker(ThreadPoolExecutor.java:1191) ~[tomcat-embed-core-10.1.20.jar:10.1.20]
	at org.apache.tomcat.util.threads.ThreadPoolExecutor$Worker.run(ThreadPoolExecutor.java:659) ~[tomcat-embed-core-10.1.20.jar:10.1.20]
	at org.apache.tomcat.util.threads.TaskThread$WrappingRunnable.run(TaskThread.java:63) ~[tomcat-embed-core-10.1.20.jar:10.1.20]
	at java.base/java.lang.Thread.run(Thread.java:1583) ~[na:na]
Caused by: java.net.SocketException: Connection reset
	at java.base/sun.nio.ch.NioSocketImpl.implRead(NioSocketImpl.java:318) ~[na:na]
	at java.base/sun.nio.ch.NioSocketImpl.read(NioSocketImpl.java:346) ~[na:na]
	at java.base/sun.nio.ch.NioSocketImpl$1.read(NioSocketImpl.java:796) ~[na:na]
	at java.base/java.net.Socket$SocketInputStream.read(Socket.java:1099) ~[na:na]
	at org.postgresql.core.VisibleBufferedInputStream.readMore(VisibleBufferedInputStream.java:161) ~[postgresql-42.6.2.jar:42.6.2]
	at org.postgresql.core.VisibleBufferedInputStream.ensureBytes(VisibleBufferedInputStream.java:128) ~[postgresql-42.6.2.jar:42.6.2]
	at org.postgresql.core.VisibleBufferedInputStream.ensureBytes(VisibleBufferedInputStream.java:113) ~[postgresql-42.6.2.jar:42.6.2]
	at org.postgresql.core.VisibleBufferedInputStream.read(VisibleBufferedInputStream.java:73) ~[postgresql-42.6.2.jar:42.6.2]
	at org.postgresql.core.PGStream.receiveChar(PGStream.java:465) ~[postgresql-42.6.2.jar:42.6.2]
	at org.postgresql.core.v3.QueryExecutorImpl.processResults(QueryExecutorImpl.java:2155) ~[postgresql-42.6.2.jar:42.6.2]
	at org.postgresql.core.v3.QueryExecutorImpl.execute(QueryExecutorImpl.java:368) ~[postgresql-42.6.2.jar:42.6.2]
	... 154 common frames omitted

2026-04-28T06:18:30.559Z  WARN 6056 --- [StudentManagement-Dev] [http-nio-8081-exec-7] .m.m.a.ExceptionHandlerExceptionResolver : Resolved [org.springframework.dao.DataAccessResourceFailureException: Hibernate transaction: Unable to commit against JDBC Connection; An I/O error occurred while sending to the backend.]
2026-04-28T06:39:58.819Z  WARN 6056 --- [StudentManagement-Dev] [http-nio-8081-exec-5] com.zaxxer.hikari.pool.PoolBase          : HikariPool-3 - Failed to validate connection org.postgresql.jdbc.PgConnection@68786675 (This connection has been closed.). Possibly consider using a shorter maxLifetime value.
2026-04-28T06:39:58.869Z  WARN 6056 --- [StudentManagement-Dev] [http-nio-8081-exec-5] com.zaxxer.hikari.pool.PoolBase          : HikariPool-3 - Failed to validate connection org.postgresql.jdbc.PgConnection@501c870c (This connection has been closed.). Possibly consider using a shorter maxLifetime value.
2026-04-28T06:39:58.919Z  WARN 6056 --- [StudentManagement-Dev] [http-nio-8081-exec-5] com.zaxxer.hikari.pool.PoolBase          : HikariPool-3 - Failed to validate connection org.postgresql.jdbc.PgConnection@4d0dd076 (This connection has been closed.). Possibly consider using a shorter maxLifetime value.
2026-04-28T06:39:58.971Z  WARN 6056 --- [StudentManagement-Dev] [http-nio-8081-exec-5] com.zaxxer.hikari.pool.PoolBase          : HikariPool-3 - Failed to validate connection org.postgresql.jdbc.PgConnection@666d4c6c (This connection has been closed.). Possibly consider using a shorter maxLifetime value.
2026-04-28T06:39:59.045Z  WARN 6056 --- [StudentManagement-Dev] [http-nio-8081-exec-5] com.zaxxer.hikari.pool.PoolBase          : HikariPool-3 - Failed to validate connection org.postgresql.jdbc.PgConnection@490ef7ba (This connection has been closed.). Possibly consider using a shorter maxLifetime value.
2026-04-28T06:39:59.089Z  WARN 6056 --- [StudentManagement-Dev] [http-nio-8081-exec-5] com.zaxxer.hikari.pool.PoolBase          : HikariPool-3 - Failed to validate connection org.postgresql.jdbc.PgConnection@7d9e2d70 (This connection has been closed.). Possibly consider using a shorter maxLifetime value.
2026-04-28T06:39:59.134Z  WARN 6056 --- [StudentManagement-Dev] [http-nio-8081-exec-5] com.zaxxer.hikari.pool.PoolBase          : HikariPool-3 - Failed to validate connection org.postgresql.jdbc.PgConnection@5eb3ccd5 (This connection has been closed.). Possibly consider using a shorter maxLifetime value.
2026-04-28T06:39:59.187Z  WARN 6056 --- [StudentManagement-Dev] [http-nio-8081-exec-5] com.zaxxer.hikari.pool.PoolBase          : HikariPool-3 - Failed to validate connection org.postgresql.jdbc.PgConnection@5231f543 (This connection has been closed.). Possibly consider using a shorter maxLifetime value.
2026-04-28T06:39:59.249Z  WARN 6056 --- [StudentManagement-Dev] [http-nio-8081-exec-5] com.zaxxer.hikari.pool.PoolBase          : HikariPool-3 - Failed to validate connection org.postgresql.jdbc.PgConnection@6c3c6b98 (This connection has been closed.). Possibly consider using a shorter maxLifetime value.
2026-04-28T06:39:59.301Z  WARN 6056 --- [StudentManagement-Dev] [http-nio-8081-exec-5] com.zaxxer.hikari.pool.PoolBase          : HikariPool-3 - Failed to validate connection org.postgresql.jdbc.PgConnection@60452ec2 (This connection has been closed.). Possibly consider using a shorter maxLifetime value.
2026-04-28T06:50:06.511Z  INFO 6056 --- [StudentManagement-Dev] [RMI TCP Connection(104)-127.0.0.1] inMXBeanRegistrar$SpringApplicationAdmin : Application shutdown requested.
2026-04-28T06:50:06.525Z  INFO 6056 --- [StudentManagement-Dev] [RMI TCP Connection(104)-127.0.0.1] j.LocalContainerEntityManagerFactoryBean : Closing JPA EntityManagerFactory for persistence unit 'default'
2026-04-28T06:50:06.526Z  INFO 6056 --- [StudentManagement-Dev] [RMI TCP Connection(104)-127.0.0.1] com.zaxxer.hikari.HikariDataSource       : HikariPool-3 - Shutdown initiated...
2026-04-28T06:50:06.529Z  INFO 6056 --- [StudentManagement-Dev] [RMI TCP Connection(104)-127.0.0.1] com.zaxxer.hikari.HikariDataSource       : HikariPool-3 - Shutdown completed.
2026-04-28T06:50:10.862Z  INFO 24656 --- [StudentManagement-Dev] [restartedMain] c.e.demo.StudentManagementApplication    : Starting StudentManagementApplication using Java 21.0.8 with PID 24656 (C:\Users\Damini\OneDrive\Desktop\Team-6\StudentManagement\target\classes started by Damini in C:\Users\Damini\OneDrive\Desktop\Team-6\StudentManagement)
2026-04-28T06:50:10.864Z  INFO 24656 --- [StudentManagement-Dev] [restartedMain] c.e.demo.StudentManagementApplication    : No active profile set, falling back to 1 default profile: "default"
2026-04-28T06:50:10.932Z  INFO 24656 --- [StudentManagement-Dev] [restartedMain] .e.DevToolsPropertyDefaultsPostProcessor : Devtools property defaults active! Set 'spring.devtools.add-properties' to 'false' to disable
2026-04-28T06:50:10.932Z  INFO 24656 --- [StudentManagement-Dev] [restartedMain] .e.DevToolsPropertyDefaultsPostProcessor : For additional web related logging consider setting the 'logging.level.web' property to 'DEBUG'
2026-04-28T06:50:12.323Z  INFO 24656 --- [StudentManagement-Dev] [restartedMain] .s.d.r.c.RepositoryConfigurationDelegate : Bootstrapping Spring Data JPA repositories in DEFAULT mode.
2026-04-28T06:50:12.417Z  INFO 24656 --- [StudentManagement-Dev] [restartedMain] .s.d.r.c.RepositoryConfigurationDelegate : Finished Spring Data repository scanning in 86 ms. Found 8 JPA repository interfaces.
2026-04-28T06:50:13.563Z  INFO 24656 --- [StudentManagement-Dev] [restartedMain] o.s.b.w.embedded.tomcat.TomcatWebServer  : Tomcat initialized with port 8081 (http)
2026-04-28T06:50:13.585Z  INFO 24656 --- [StudentManagement-Dev] [restartedMain] o.apache.catalina.core.StandardService   : Starting service [Tomcat]
2026-04-28T06:50:13.586Z  INFO 24656 --- [StudentManagement-Dev] [restartedMain] o.apache.catalina.core.StandardEngine    : Starting Servlet engine: [Apache Tomcat/10.1.20]
2026-04-28T06:50:13.674Z  INFO 24656 --- [StudentManagement-Dev] [restartedMain] o.a.c.c.C.[Tomcat].[localhost].[/]       : Initializing Spring embedded WebApplicationContext
2026-04-28T06:50:13.674Z  INFO 24656 --- [StudentManagement-Dev] [restartedMain] w.s.c.ServletWebServerApplicationContext : Root WebApplicationContext: initialization completed in 2741 ms
2026-04-28T06:50:14.088Z  INFO 24656 --- [StudentManagement-Dev] [restartedMain] o.hibernate.jpa.internal.util.LogHelper  : HHH000204: Processing PersistenceUnitInfo [name: default]
2026-04-28T06:50:14.206Z  INFO 24656 --- [StudentManagement-Dev] [restartedMain] org.hibernate.Version                    : HHH000412: Hibernate ORM core version 6.4.4.Final
2026-04-28T06:50:14.260Z  INFO 24656 --- [StudentManagement-Dev] [restartedMain] o.h.c.internal.RegionFactoryInitiator    : HHH000026: Second-level cache disabled
2026-04-28T06:50:14.568Z  INFO 24656 --- [StudentManagement-Dev] [restartedMain] o.s.o.j.p.SpringPersistenceUnitInfo      : No LoadTimeWeaver setup: ignoring JPA class transformer
2026-04-28T06:50:14.605Z  INFO 24656 --- [StudentManagement-Dev] [restartedMain] com.zaxxer.hikari.HikariDataSource       : HikariPool-1 - Starting...
2026-04-28T06:50:17.059Z  INFO 24656 --- [StudentManagement-Dev] [restartedMain] com.zaxxer.hikari.pool.HikariPool        : HikariPool-1 - Added connection org.postgresql.jdbc.PgConnection@7df0328f
2026-04-28T06:50:17.061Z  INFO 24656 --- [StudentManagement-Dev] [restartedMain] com.zaxxer.hikari.HikariDataSource       : HikariPool-1 - Start completed.
2026-04-28T06:50:17.602Z  WARN 24656 --- [StudentManagement-Dev] [restartedMain] org.hibernate.orm.deprecation            : HHH90000025: PostgreSQLDialect does not need to be specified explicitly using 'hibernate.dialect' (remove the property setting and it will be selected by default)
2026-04-28T06:50:19.121Z  INFO 24656 --- [StudentManagement-Dev] [restartedMain] o.h.e.t.j.p.i.JtaPlatformInitiator       : HHH000489: No JTA platform available (set 'hibernate.transaction.jta.platform' to enable JTA platform integration)
2026-04-28T06:50:30.333Z  INFO 24656 --- [StudentManagement-Dev] [restartedMain] j.LocalContainerEntityManagerFactoryBean : Initialized JPA EntityManagerFactory for persistence unit 'default'
2026-04-28T06:50:30.773Z  INFO 24656 --- [StudentManagement-Dev] [restartedMain] o.s.d.j.r.query.QueryEnhancerFactory     : Hibernate is in classpath; If applicable, HQL parser will be used.
2026-04-28T06:50:31.326Z  WARN 24656 --- [StudentManagement-Dev] [restartedMain] JpaBaseConfiguration$JpaWebConfiguration : spring.jpa.open-in-view is enabled by default. Therefore, database queries may be performed during view rendering. Explicitly configure spring.jpa.open-in-view to disable this warning
2026-04-28T06:50:31.943Z  INFO 24656 --- [StudentManagement-Dev] [restartedMain] o.s.b.a.e.web.EndpointLinksResolver      : Exposing 14 endpoint(s) beneath base path '/actuator'
2026-04-28T06:50:32.033Z  INFO 24656 --- [StudentManagement-Dev] [restartedMain] o.s.s.web.DefaultSecurityFilterChain     : Will secure any request with [org.springframework.security.web.session.DisableEncodeUrlFilter@2ed4e222, org.springframework.security.web.context.request.async.WebAsyncManagerIntegrationFilter@730ad8bb, org.springframework.security.web.context.SecurityContextHolderFilter@60f7378f, org.springframework.security.web.header.HeaderWriterFilter@481a0f8c, org.springframework.web.filter.CorsFilter@57e54c60, org.springframework.security.web.authentication.logout.LogoutFilter@3f420e00, com.example.demo.config.JwtAuthenticationFilter@6bf82430, org.springframework.security.web.savedrequest.RequestCacheAwareFilter@6ad073fc, org.springframework.security.web.servletapi.SecurityContextHolderAwareRequestFilter@1cf1cf93, org.springframework.security.web.authentication.AnonymousAuthenticationFilter@ce96900, org.springframework.security.web.access.ExceptionTranslationFilter@65c00d7a, org.springframework.security.web.access.intercept.AuthorizationFilter@5f0102d6]
2026-04-28T06:50:32.682Z  INFO 24656 --- [StudentManagement-Dev] [restartedMain] o.s.b.d.a.OptionalLiveReloadServer       : LiveReload server is running on port 35729
2026-04-28T06:50:32.812Z  INFO 24656 --- [StudentManagement-Dev] [restartedMain] o.s.b.w.embedded.tomcat.TomcatWebServer  : Tomcat started on port 8081 (http) with context path ''
2026-04-28T06:50:32.835Z  INFO 24656 --- [StudentManagement-Dev] [restartedMain] c.e.demo.StudentManagementApplication    : Started StudentManagementApplication in 22.577 seconds (process running for 24.031)
2026-04-28T06:50:33.297Z  INFO 24656 --- [StudentManagement-Dev] [RMI TCP Connection(8)-127.0.0.1] o.a.c.c.C.[Tomcat].[localhost].[/]       : Initializing Spring DispatcherServlet 'dispatcherServlet'
2026-04-28T06:50:33.298Z  INFO 24656 --- [StudentManagement-Dev] [RMI TCP Connection(8)-127.0.0.1] o.s.web.servlet.DispatcherServlet        : Initializing Servlet 'dispatcherServlet'
2026-04-28T06:50:33.301Z  INFO 24656 --- [StudentManagement-Dev] [RMI TCP Connection(8)-127.0.0.1] o.s.web.servlet.DispatcherServlet        : Completed initialization in 3 ms
2026-04-28T06:50:35.636Z  WARN 24656 --- [StudentManagement-Dev] [registrationTask1] d.c.b.a.c.r.ApplicationRegistrator       : Failed to register application as Application(name=StudentManagement-Dev, managementUrl=http://student-m-team6-app:8080/actuator, healthUrl=http://student-m-team6-app:8080/actuator/health, serviceUrl=http://student-m-team6-app:8080) at spring-boot-admin ([http://sb-admin:8080/instances]): I/O error on POST request for "http://sb-admin:8080/instances": sb-admin. Further attempts are logged on DEBUG level
2026-04-28T06:57:34.082Z  INFO 24656 --- [StudentManagement-Dev] [File Watcher] rtingClassPathChangeChangedEventListener : Restarting due to 4 class path changes (0 additions, 0 deletions, 4 modifications)
2026-04-28T06:57:34.641Z  INFO 24656 --- [StudentManagement-Dev] [Thread-5] j.LocalContainerEntityManagerFactoryBean : Closing JPA EntityManagerFactory for persistence unit 'default'
2026-04-28T06:57:34.648Z  INFO 24656 --- [StudentManagement-Dev] [Thread-5] com.zaxxer.hikari.HikariDataSource       : HikariPool-1 - Shutdown initiated...
2026-04-28T06:57:34.663Z  INFO 24656 --- [StudentManagement-Dev] [Thread-5] com.zaxxer.hikari.HikariDataSource       : HikariPool-1 - Shutdown completed.
2026-04-28T06:57:34.848Z  INFO 24656 --- [StudentManagement-Dev] [restartedMain] c.e.demo.StudentManagementApplication    : Starting StudentManagementApplication using Java 21.0.8 with PID 24656 (C:\Users\Damini\OneDrive\Desktop\Team-6\StudentManagement\target\classes started by Damini in C:\Users\Damini\OneDrive\Desktop\Team-6\StudentManagement)
2026-04-28T06:57:34.849Z  INFO 24656 --- [StudentManagement-Dev] [restartedMain] c.e.demo.StudentManagementApplication    : No active profile set, falling back to 1 default profile: "default"
2026-04-28T06:57:35.749Z  INFO 24656 --- [StudentManagement-Dev] [restartedMain] .s.d.r.c.RepositoryConfigurationDelegate : Bootstrapping Spring Data JPA repositories in DEFAULT mode.
2026-04-28T06:57:35.814Z  INFO 24656 --- [StudentManagement-Dev] [restartedMain] .s.d.r.c.RepositoryConfigurationDelegate : Finished Spring Data repository scanning in 65 ms. Found 8 JPA repository interfaces.
2026-04-28T06:57:36.099Z  INFO 24656 --- [StudentManagement-Dev] [restartedMain] o.s.b.w.embedded.tomcat.TomcatWebServer  : Tomcat initialized with port 8081 (http)
2026-04-28T06:57:36.101Z  INFO 24656 --- [StudentManagement-Dev] [restartedMain] o.apache.catalina.core.StandardService   : Starting service [Tomcat]
2026-04-28T06:57:36.101Z  INFO 24656 --- [StudentManagement-Dev] [restartedMain] o.apache.catalina.core.StandardEngine    : Starting Servlet engine: [Apache Tomcat/10.1.20]
2026-04-28T06:57:36.132Z  INFO 24656 --- [StudentManagement-Dev] [restartedMain] o.a.c.c.C.[Tomcat].[localhost].[/]       : Initializing Spring embedded WebApplicationContext
2026-04-28T06:57:36.133Z  INFO 24656 --- [StudentManagement-Dev] [restartedMain] w.s.c.ServletWebServerApplicationContext : Root WebApplicationContext: initialization completed in 1278 ms
2026-04-28T06:57:36.324Z  INFO 24656 --- [StudentManagement-Dev] [restartedMain] o.hibernate.jpa.internal.util.LogHelper  : HHH000204: Processing PersistenceUnitInfo [name: default]
2026-04-28T06:57:36.328Z  INFO 24656 --- [StudentManagement-Dev] [restartedMain] o.h.c.internal.RegionFactoryInitiator    : HHH000026: Second-level cache disabled
2026-04-28T06:57:36.334Z  INFO 24656 --- [StudentManagement-Dev] [restartedMain] o.s.o.j.p.SpringPersistenceUnitInfo      : No LoadTimeWeaver setup: ignoring JPA class transformer
2026-04-28T06:57:36.336Z  INFO 24656 --- [StudentManagement-Dev] [restartedMain] com.zaxxer.hikari.HikariDataSource       : HikariPool-2 - Starting...
2026-04-28T06:57:38.978Z  INFO 24656 --- [StudentManagement-Dev] [restartedMain] com.zaxxer.hikari.pool.HikariPool        : HikariPool-2 - Added connection org.postgresql.jdbc.PgConnection@35c4149d
2026-04-28T06:57:38.978Z  INFO 24656 --- [StudentManagement-Dev] [restartedMain] com.zaxxer.hikari.HikariDataSource       : HikariPool-2 - Start completed.
2026-04-28T06:57:39.465Z  WARN 24656 --- [StudentManagement-Dev] [restartedMain] org.hibernate.orm.deprecation            : HHH90000025: PostgreSQLDialect does not need to be specified explicitly using 'hibernate.dialect' (remove the property setting and it will be selected by default)
2026-04-28T06:57:40.062Z  INFO 24656 --- [StudentManagement-Dev] [restartedMain] o.h.e.t.j.p.i.JtaPlatformInitiator       : HHH000489: No JTA platform available (set 'hibernate.transaction.jta.platform' to enable JTA platform integration)
2026-04-28T06:57:49.628Z  INFO 24656 --- [StudentManagement-Dev] [restartedMain] j.LocalContainerEntityManagerFactoryBean : Initialized JPA EntityManagerFactory for persistence unit 'default'
2026-04-28T06:57:49.901Z  WARN 24656 --- [StudentManagement-Dev] [restartedMain] JpaBaseConfiguration$JpaWebConfiguration : spring.jpa.open-in-view is enabled by default. Therefore, database queries may be performed during view rendering. Explicitly configure spring.jpa.open-in-view to disable this warning
2026-04-28T06:57:50.199Z  INFO 24656 --- [StudentManagement-Dev] [restartedMain] o.s.b.a.e.web.EndpointLinksResolver      : Exposing 14 endpoint(s) beneath base path '/actuator'
2026-04-28T06:57:50.255Z  INFO 24656 --- [StudentManagement-Dev] [restartedMain] o.s.s.web.DefaultSecurityFilterChain     : Will secure any request with [org.springframework.security.web.session.DisableEncodeUrlFilter@1ab1249d, org.springframework.security.web.context.request.async.WebAsyncManagerIntegrationFilter@3c310dbe, org.springframework.security.web.context.SecurityContextHolderFilter@1fe80c9, org.springframework.security.web.header.HeaderWriterFilter@236f109e, org.springframework.web.filter.CorsFilter@79109ae9, org.springframework.security.web.authentication.logout.LogoutFilter@2e3b3cd3, com.example.demo.config.JwtAuthenticationFilter@7cd84924, org.springframework.security.web.savedrequest.RequestCacheAwareFilter@27567451, org.springframework.security.web.servletapi.SecurityContextHolderAwareRequestFilter@32e22b99, org.springframework.security.web.authentication.AnonymousAuthenticationFilter@329e88f0, org.springframework.security.web.access.ExceptionTranslationFilter@2036db3c, org.springframework.security.web.access.intercept.AuthorizationFilter@805c479]
2026-04-28T06:57:50.638Z  INFO 24656 --- [StudentManagement-Dev] [restartedMain] o.s.b.d.a.OptionalLiveReloadServer       : LiveReload server is running on port 35729
2026-04-28T06:57:50.680Z  INFO 24656 --- [StudentManagement-Dev] [restartedMain] o.s.b.w.embedded.tomcat.TomcatWebServer  : Tomcat started on port 8081 (http) with context path ''
2026-04-28T06:57:50.694Z  INFO 24656 --- [StudentManagement-Dev] [restartedMain] c.e.demo.StudentManagementApplication    : Started StudentManagementApplication in 15.91 seconds (process running for 461.89)
2026-04-28T06:57:50.702Z  INFO 24656 --- [StudentManagement-Dev] [restartedMain] .ConditionEvaluationDeltaLoggingListener : Condition evaluation unchanged
2026-04-28T06:57:52.798Z  INFO 24656 --- [StudentManagement-Dev] [RMI TCP Connection(20)-127.0.0.1] inMXBeanRegistrar$SpringApplicationAdmin : Application shutdown requested.
2026-04-28T06:57:52.807Z  INFO 24656 --- [StudentManagement-Dev] [RMI TCP Connection(20)-127.0.0.1] j.LocalContainerEntityManagerFactoryBean : Closing JPA EntityManagerFactory for persistence unit 'default'
2026-04-28T06:57:52.809Z  INFO 24656 --- [StudentManagement-Dev] [RMI TCP Connection(20)-127.0.0.1] com.zaxxer.hikari.HikariDataSource       : HikariPool-2 - Shutdown initiated...
2026-04-28T06:57:52.810Z  INFO 24656 --- [StudentManagement-Dev] [RMI TCP Connection(20)-127.0.0.1] com.zaxxer.hikari.HikariDataSource       : HikariPool-2 - Shutdown completed.
2026-04-28T06:57:53.402Z  WARN 24656 --- [StudentManagement-Dev] [registrationTask1] d.c.b.a.c.r.ApplicationRegistrator       : Failed to register application as Application(name=StudentManagement-Dev, managementUrl=http://student-m-team6-app:8080/actuator, healthUrl=http://student-m-team6-app:8080/actuator/health, serviceUrl=http://student-m-team6-app:8080) at spring-boot-admin ([http://sb-admin:8080/instances]): I/O error on POST request for "http://sb-admin:8080/instances": sb-admin. Further attempts are logged on DEBUG level
2026-04-28T06:58:51.848Z  INFO 24992 --- [StudentManagement-Dev] [restartedMain] c.e.demo.StudentManagementApplication    : Starting StudentManagementApplication using Java 21.0.8 with PID 24992 (C:\Users\Damini\OneDrive\Desktop\Team-6\StudentManagement\target\classes started by Damini in C:\Users\Damini\OneDrive\Desktop\Team-6\StudentManagement)
2026-04-28T06:58:51.851Z  INFO 24992 --- [StudentManagement-Dev] [restartedMain] c.e.demo.StudentManagementApplication    : No active profile set, falling back to 1 default profile: "default"
2026-04-28T06:58:51.932Z  INFO 24992 --- [StudentManagement-Dev] [restartedMain] .e.DevToolsPropertyDefaultsPostProcessor : Devtools property defaults active! Set 'spring.devtools.add-properties' to 'false' to disable
2026-04-28T06:58:51.932Z  INFO 24992 --- [StudentManagement-Dev] [restartedMain] .e.DevToolsPropertyDefaultsPostProcessor : For additional web related logging consider setting the 'logging.level.web' property to 'DEBUG'
2026-04-28T06:58:53.967Z  INFO 24992 --- [StudentManagement-Dev] [restartedMain] .s.d.r.c.RepositoryConfigurationDelegate : Bootstrapping Spring Data JPA repositories in DEFAULT mode.
2026-04-28T06:58:54.112Z  INFO 24992 --- [StudentManagement-Dev] [restartedMain] .s.d.r.c.RepositoryConfigurationDelegate : Finished Spring Data repository scanning in 130 ms. Found 8 JPA repository interfaces.
2026-04-28T06:58:55.673Z  INFO 24992 --- [StudentManagement-Dev] [restartedMain] o.s.b.w.embedded.tomcat.TomcatWebServer  : Tomcat initialized with port 8081 (http)
2026-04-28T06:58:55.694Z  INFO 24992 --- [StudentManagement-Dev] [restartedMain] o.apache.catalina.core.StandardService   : Starting service [Tomcat]
2026-04-28T06:58:55.696Z  INFO 24992 --- [StudentManagement-Dev] [restartedMain] o.apache.catalina.core.StandardEngine    : Starting Servlet engine: [Apache Tomcat/10.1.20]
2026-04-28T06:58:55.777Z  INFO 24992 --- [StudentManagement-Dev] [restartedMain] o.a.c.c.C.[Tomcat].[localhost].[/]       : Initializing Spring embedded WebApplicationContext
2026-04-28T06:58:55.777Z  INFO 24992 --- [StudentManagement-Dev] [restartedMain] w.s.c.ServletWebServerApplicationContext : Root WebApplicationContext: initialization completed in 3843 ms
2026-04-28T06:58:56.261Z  INFO 24992 --- [StudentManagement-Dev] [restartedMain] o.hibernate.jpa.internal.util.LogHelper  : HHH000204: Processing PersistenceUnitInfo [name: default]
2026-04-28T06:58:56.355Z  INFO 24992 --- [StudentManagement-Dev] [restartedMain] org.hibernate.Version                    : HHH000412: Hibernate ORM core version 6.4.4.Final
2026-04-28T06:58:56.408Z  INFO 24992 --- [StudentManagement-Dev] [restartedMain] o.h.c.internal.RegionFactoryInitiator    : HHH000026: Second-level cache disabled
2026-04-28T06:58:56.819Z  INFO 24992 --- [StudentManagement-Dev] [restartedMain] o.s.o.j.p.SpringPersistenceUnitInfo      : No LoadTimeWeaver setup: ignoring JPA class transformer
2026-04-28T06:58:56.867Z  INFO 24992 --- [StudentManagement-Dev] [restartedMain] com.zaxxer.hikari.HikariDataSource       : HikariPool-1 - Starting...
2026-04-28T06:58:59.651Z  INFO 24992 --- [StudentManagement-Dev] [restartedMain] com.zaxxer.hikari.pool.HikariPool        : HikariPool-1 - Added connection org.postgresql.jdbc.PgConnection@33b96ada
2026-04-28T06:58:59.654Z  INFO 24992 --- [StudentManagement-Dev] [restartedMain] com.zaxxer.hikari.HikariDataSource       : HikariPool-1 - Start completed.
2026-04-28T06:58:59.982Z  WARN 24992 --- [StudentManagement-Dev] [restartedMain] org.hibernate.orm.deprecation            : HHH90000025: PostgreSQLDialect does not need to be specified explicitly using 'hibernate.dialect' (remove the property setting and it will be selected by default)
2026-04-28T06:59:01.931Z  INFO 24992 --- [StudentManagement-Dev] [restartedMain] o.h.e.t.j.p.i.JtaPlatformInitiator       : HHH000489: No JTA platform available (set 'hibernate.transaction.jta.platform' to enable JTA platform integration)
2026-04-28T06:59:14.852Z  INFO 24992 --- [StudentManagement-Dev] [restartedMain] j.LocalContainerEntityManagerFactoryBean : Initialized JPA EntityManagerFactory for persistence unit 'default'
2026-04-28T06:59:15.261Z  INFO 24992 --- [StudentManagement-Dev] [restartedMain] o.s.d.j.r.query.QueryEnhancerFactory     : Hibernate is in classpath; If applicable, HQL parser will be used.
2026-04-28T06:59:15.991Z  WARN 24992 --- [StudentManagement-Dev] [restartedMain] JpaBaseConfiguration$JpaWebConfiguration : spring.jpa.open-in-view is enabled by default. Therefore, database queries may be performed during view rendering. Explicitly configure spring.jpa.open-in-view to disable this warning
2026-04-28T06:59:16.663Z  INFO 24992 --- [StudentManagement-Dev] [restartedMain] o.s.b.a.e.web.EndpointLinksResolver      : Exposing 14 endpoint(s) beneath base path '/actuator'
2026-04-28T06:59:16.766Z  INFO 24992 --- [StudentManagement-Dev] [restartedMain] o.s.s.web.DefaultSecurityFilterChain     : Will secure any request with [org.springframework.security.web.session.DisableEncodeUrlFilter@d6a9da9, org.springframework.security.web.context.request.async.WebAsyncManagerIntegrationFilter@408b33cf, org.springframework.security.web.context.SecurityContextHolderFilter@38f37351, org.springframework.security.web.header.HeaderWriterFilter@6dfb2e88, org.springframework.web.filter.CorsFilter@3c8d704f, org.springframework.security.web.authentication.logout.LogoutFilter@1f3d373f, com.example.demo.config.JwtAuthenticationFilter@61e52198, org.springframework.security.web.savedrequest.RequestCacheAwareFilter@5159a5ff, org.springframework.security.web.servletapi.SecurityContextHolderAwareRequestFilter@78d66fd3, org.springframework.security.web.authentication.AnonymousAuthenticationFilter@1a3d8150, org.springframework.security.web.access.ExceptionTranslationFilter@6eccdc1b, org.springframework.security.web.access.intercept.AuthorizationFilter@509e68c5]
2026-04-28T06:59:17.389Z  INFO 24992 --- [StudentManagement-Dev] [restartedMain] o.s.b.d.a.OptionalLiveReloadServer       : LiveReload server is running on port 35729
2026-04-28T06:59:17.482Z  INFO 24992 --- [StudentManagement-Dev] [restartedMain] o.s.b.w.embedded.tomcat.TomcatWebServer  : Tomcat started on port 8081 (http) with context path ''
2026-04-28T06:59:17.500Z  INFO 24992 --- [StudentManagement-Dev] [restartedMain] c.e.demo.StudentManagementApplication    : Started StudentManagementApplication in 26.194 seconds (process running for 27.525)
2026-04-28T06:59:18.132Z  INFO 24992 --- [StudentManagement-Dev] [RMI TCP Connection(10)-127.0.0.1] o.a.c.c.C.[Tomcat].[localhost].[/]       : Initializing Spring DispatcherServlet 'dispatcherServlet'
2026-04-28T06:59:18.133Z  INFO 24992 --- [StudentManagement-Dev] [RMI TCP Connection(10)-127.0.0.1] o.s.web.servlet.DispatcherServlet        : Initializing Servlet 'dispatcherServlet'
2026-04-28T06:59:18.136Z  INFO 24992 --- [StudentManagement-Dev] [RMI TCP Connection(10)-127.0.0.1] o.s.web.servlet.DispatcherServlet        : Completed initialization in 3 ms
2026-04-28T06:59:20.332Z  WARN 24992 --- [StudentManagement-Dev] [registrationTask1] d.c.b.a.c.r.ApplicationRegistrator       : Failed to register application as Application(name=StudentManagement-Dev, managementUrl=http://student-m-team6-app:8080/actuator, healthUrl=http://student-m-team6-app:8080/actuator/health, serviceUrl=http://student-m-team6-app:8080) at spring-boot-admin ([http://sb-admin:8080/instances]): I/O error on POST request for "http://sb-admin:8080/instances": sb-admin. Further attempts are logged on DEBUG level
2026-04-28T07:13:48.607Z  INFO 24992 --- [StudentManagement-Dev] [File Watcher] rtingClassPathChangeChangedEventListener : Restarting due to 1 class path change (0 additions, 0 deletions, 1 modification)
2026-04-28T07:13:48.633Z  INFO 24992 --- [StudentManagement-Dev] [Thread-5] j.LocalContainerEntityManagerFactoryBean : Closing JPA EntityManagerFactory for persistence unit 'default'
2026-04-28T07:13:48.638Z  INFO 24992 --- [StudentManagement-Dev] [Thread-5] com.zaxxer.hikari.HikariDataSource       : HikariPool-1 - Shutdown initiated...
2026-04-28T07:13:48.642Z  INFO 24992 --- [StudentManagement-Dev] [Thread-5] com.zaxxer.hikari.HikariDataSource       : HikariPool-1 - Shutdown completed.
2026-04-28T07:13:48.772Z  INFO 24992 --- [StudentManagement-Dev] [restartedMain] c.e.demo.StudentManagementApplication    : Starting StudentManagementApplication using Java 21.0.8 with PID 24992 (C:\Users\Damini\OneDrive\Desktop\Team-6\StudentManagement\target\classes started by Damini in C:\Users\Damini\OneDrive\Desktop\Team-6\StudentManagement)
2026-04-28T07:13:48.772Z  INFO 24992 --- [StudentManagement-Dev] [restartedMain] c.e.demo.StudentManagementApplication    : No active profile set, falling back to 1 default profile: "default"
2026-04-28T07:13:49.160Z  INFO 24992 --- [StudentManagement-Dev] [restartedMain] .s.d.r.c.RepositoryConfigurationDelegate : Bootstrapping Spring Data JPA repositories in DEFAULT mode.
2026-04-28T07:13:49.197Z  INFO 24992 --- [StudentManagement-Dev] [restartedMain] .s.d.r.c.RepositoryConfigurationDelegate : Finished Spring Data repository scanning in 35 ms. Found 8 JPA repository interfaces.
2026-04-28T07:13:49.370Z  INFO 24992 --- [StudentManagement-Dev] [restartedMain] o.s.b.w.embedded.tomcat.TomcatWebServer  : Tomcat initialized with port 8081 (http)
2026-04-28T07:13:49.372Z  INFO 24992 --- [StudentManagement-Dev] [restartedMain] o.apache.catalina.core.StandardService   : Starting service [Tomcat]
2026-04-28T07:13:49.373Z  INFO 24992 --- [StudentManagement-Dev] [restartedMain] o.apache.catalina.core.StandardEngine    : Starting Servlet engine: [Apache Tomcat/10.1.20]
2026-04-28T07:13:49.395Z  INFO 24992 --- [StudentManagement-Dev] [restartedMain] o.a.c.c.C.[Tomcat].[localhost].[/]       : Initializing Spring embedded WebApplicationContext
2026-04-28T07:13:49.395Z  INFO 24992 --- [StudentManagement-Dev] [restartedMain] w.s.c.ServletWebServerApplicationContext : Root WebApplicationContext: initialization completed in 613 ms
2026-04-28T07:13:49.527Z  INFO 24992 --- [StudentManagement-Dev] [restartedMain] o.hibernate.jpa.internal.util.LogHelper  : HHH000204: Processing PersistenceUnitInfo [name: default]
2026-04-28T07:13:49.530Z  INFO 24992 --- [StudentManagement-Dev] [restartedMain] o.h.c.internal.RegionFactoryInitiator    : HHH000026: Second-level cache disabled
2026-04-28T07:13:49.536Z  INFO 24992 --- [StudentManagement-Dev] [restartedMain] o.s.o.j.p.SpringPersistenceUnitInfo      : No LoadTimeWeaver setup: ignoring JPA class transformer
2026-04-28T07:13:49.537Z  INFO 24992 --- [StudentManagement-Dev] [restartedMain] com.zaxxer.hikari.HikariDataSource       : HikariPool-2 - Starting...
2026-04-28T07:13:51.030Z  INFO 24992 --- [StudentManagement-Dev] [restartedMain] com.zaxxer.hikari.pool.HikariPool        : HikariPool-2 - Added connection org.postgresql.jdbc.PgConnection@2843f746
2026-04-28T07:13:51.030Z  INFO 24992 --- [StudentManagement-Dev] [restartedMain] com.zaxxer.hikari.HikariDataSource       : HikariPool-2 - Start completed.
2026-04-28T07:13:51.270Z  WARN 24992 --- [StudentManagement-Dev] [restartedMain] org.hibernate.orm.deprecation            : HHH90000025: PostgreSQLDialect does not need to be specified explicitly using 'hibernate.dialect' (remove the property setting and it will be selected by default)
2026-04-28T07:13:51.822Z  INFO 24992 --- [StudentManagement-Dev] [restartedMain] o.h.e.t.j.p.i.JtaPlatformInitiator       : HHH000489: No JTA platform available (set 'hibernate.transaction.jta.platform' to enable JTA platform integration)
2026-04-28T07:13:59.033Z  INFO 24992 --- [StudentManagement-Dev] [restartedMain] j.LocalContainerEntityManagerFactoryBean : Initialized JPA EntityManagerFactory for persistence unit 'default'
2026-04-28T07:13:59.391Z  WARN 24992 --- [StudentManagement-Dev] [restartedMain] JpaBaseConfiguration$JpaWebConfiguration : spring.jpa.open-in-view is enabled by default. Therefore, database queries may be performed during view rendering. Explicitly configure spring.jpa.open-in-view to disable this warning
2026-04-28T07:13:59.687Z  INFO 24992 --- [StudentManagement-Dev] [restartedMain] o.s.b.a.e.web.EndpointLinksResolver      : Exposing 14 endpoint(s) beneath base path '/actuator'
2026-04-28T07:13:59.730Z  INFO 24992 --- [StudentManagement-Dev] [restartedMain] o.s.s.web.DefaultSecurityFilterChain     : Will secure any request with [org.springframework.security.web.session.DisableEncodeUrlFilter@6052ed94, org.springframework.security.web.context.request.async.WebAsyncManagerIntegrationFilter@39e30659, org.springframework.security.web.context.SecurityContextHolderFilter@56fe20ab, org.springframework.security.web.header.HeaderWriterFilter@67d44c9a, org.springframework.web.filter.CorsFilter@2a6b8c87, org.springframework.security.web.authentication.logout.LogoutFilter@19aa44bd, com.example.demo.config.JwtAuthenticationFilter@477c41c6, org.springframework.security.web.savedrequest.RequestCacheAwareFilter@17fce02c, org.springframework.security.web.servletapi.SecurityContextHolderAwareRequestFilter@622d1232, org.springframework.security.web.authentication.AnonymousAuthenticationFilter@6f12487f, org.springframework.security.web.access.ExceptionTranslationFilter@243b8531, org.springframework.security.web.access.intercept.AuthorizationFilter@4b925f58]
2026-04-28T07:14:00.015Z  INFO 24992 --- [StudentManagement-Dev] [restartedMain] o.s.b.d.a.OptionalLiveReloadServer       : LiveReload server is running on port 35729
2026-04-28T07:14:00.067Z  INFO 24992 --- [StudentManagement-Dev] [restartedMain] o.s.b.w.embedded.tomcat.TomcatWebServer  : Tomcat started on port 8081 (http) with context path ''
2026-04-28T07:14:00.083Z  INFO 24992 --- [StudentManagement-Dev] [restartedMain] c.e.demo.StudentManagementApplication    : Started StudentManagementApplication in 11.355 seconds (process running for 910.107)
2026-04-28T07:14:00.085Z  INFO 24992 --- [StudentManagement-Dev] [restartedMain] .ConditionEvaluationDeltaLoggingListener : Condition evaluation unchanged
2026-04-28T07:14:02.787Z  WARN 24992 --- [StudentManagement-Dev] [registrationTask1] d.c.b.a.c.r.ApplicationRegistrator       : Failed to register application as Application(name=StudentManagement-Dev, managementUrl=http://student-m-team6-app:8080/actuator, healthUrl=http://student-m-team6-app:8080/actuator/health, serviceUrl=http://student-m-team6-app:8080) at spring-boot-admin ([http://sb-admin:8080/instances]): I/O error on POST request for "http://sb-admin:8080/instances": sb-admin. Further attempts are logged on DEBUG level
2026-04-28T07:15:17.449Z  INFO 24992 --- [StudentManagement-Dev] [RMI TCP Connection(33)-127.0.0.1] inMXBeanRegistrar$SpringApplicationAdmin : Application shutdown requested.
2026-04-28T07:15:17.459Z  INFO 24992 --- [StudentManagement-Dev] [RMI TCP Connection(33)-127.0.0.1] j.LocalContainerEntityManagerFactoryBean : Closing JPA EntityManagerFactory for persistence unit 'default'
2026-04-28T07:15:17.460Z  INFO 24992 --- [StudentManagement-Dev] [RMI TCP Connection(33)-127.0.0.1] com.zaxxer.hikari.HikariDataSource       : HikariPool-2 - Shutdown initiated...
2026-04-28T07:15:17.462Z  INFO 24992 --- [StudentManagement-Dev] [RMI TCP Connection(33)-127.0.0.1] com.zaxxer.hikari.HikariDataSource       : HikariPool-2 - Shutdown completed.
